2017-08-21 11:29:02,690 [Worker-3] INFO  o.e.m.c.i.l.LifecycleMappingFactory - Using org.maven.ide.eclipse.wtp.WarLifecycleMapping lifecycle mapping for MavenProject: com.jnwtv:jnwtv-third-console:1.0.0-SNAPSHOT @ /workspaces/coder/jnwtv-third-console/pom.xml.
2017-08-21 11:29:02,773 [Worker-3] WARN  o.e.m.c.i.embedder.EclipseLogger - The POM for tomcat:servlet-api:jar:5.5.23 is invalid, transitive dependencies (if any) will not be available, enable debug logging for more details
2017-08-21 11:29:02,788 [Worker-3] WARN  o.e.m.c.i.embedder.EclipseLogger - The POM for servletapi:servlet-api:jar:2.4 is invalid, transitive dependencies (if any) will not be available, enable debug logging for more details
2017-08-21 11:29:02,792 [Worker-3] WARN  o.e.m.c.i.embedder.EclipseLogger - The POM for commons-lang:commons-lang:jar:2.6 is invalid, transitive dependencies (if any) will not be available, enable debug logging for more details
2017-08-21 11:29:02,800 [Worker-3] WARN  o.e.m.c.i.embedder.EclipseLogger - The POM for org.apache.poi:poi:jar:3.10-FINAL is invalid, transitive dependencies (if any) will not be available, enable debug logging for more details
2017-08-21 11:29:02,808 [Worker-3] WARN  o.e.m.c.i.embedder.EclipseLogger - The POM for org.openoffice:ridl:jar:3.0.1 is invalid, transitive dependencies (if any) will not be available, enable debug logging for more details
2017-08-21 11:29:02,811 [Worker-3] WARN  o.e.m.c.i.embedder.EclipseLogger - The POM for commons-dbcp:commons-dbcp:jar:1.4 is invalid, transitive dependencies (if any) will not be available, enable debug logging for more details
2017-08-21 11:29:02,816 [Worker-3] WARN  o.e.m.c.i.embedder.EclipseLogger - The POM for commons-io:commons-io:jar:2.1 is invalid, transitive dependencies (if any) will not be available, enable debug logging for more details
2017-08-21 11:29:02,823 [Worker-3] WARN  o.e.m.c.i.embedder.EclipseLogger - The POM for org.apache.poi:poi-ooxml:jar:3.10-FINAL is invalid, transitive dependencies (if any) will not be available, enable debug logging for more details
2017-08-21 11:29:02,826 [Worker-3] WARN  o.e.m.c.i.embedder.EclipseLogger - The POM for jodconverter:jodconverter:jar:2.2.2 is invalid, transitive dependencies (if any) will not be available, enable debug logging for more details
2017-08-21 11:29:02,831 [Worker-3] WARN  o.e.m.c.i.embedder.EclipseLogger - The POM for http:http:jar:1.0 is invalid, transitive dependencies (if any) will not be available, enable debug logging for more details
2017-08-21 11:29:02,834 [Worker-3] WARN  o.e.m.c.i.embedder.EclipseLogger - The POM for json-lib:json-lib:jar:2.4 is invalid, transitive dependencies (if any) will not be available, enable debug logging for more details
2017-08-21 11:29:02,837 [Worker-3] WARN  o.e.m.c.i.embedder.EclipseLogger - The POM for rongcloud.service:service:jar:1.0 is invalid, transitive dependencies (if any) will not be available, enable debug logging for more details
2017-08-21 11:29:02,841 [Worker-3] WARN  o.e.m.c.i.embedder.EclipseLogger - The POM for commons-fileupload:commons-fileupload:jar:1.2.2 is invalid, transitive dependencies (if any) will not be available, enable debug logging for more details
2017-08-21 11:29:02,846 [Worker-3] WARN  o.e.m.c.i.embedder.EclipseLogger - The POM for channelbaidupush:channelbaidupush:jar:1.0 is invalid, transitive dependencies (if any) will not be available, enable debug logging for more details
2017-08-21 11:29:02,850 [Worker-3] WARN  o.e.m.c.i.embedder.EclipseLogger - The POM for orsoncharts:orsoncharts:jar:1.4-eval-nofx is invalid, transitive dependencies (if any) will not be available, enable debug logging for more details
2017-08-21 11:29:02,852 [Worker-3] WARN  o.e.m.c.i.embedder.EclipseLogger - The POM for commons-beanutils:commons-beanutils:jar:1.8.3 is invalid, transitive dependencies (if any) will not be available, enable debug logging for more details
2017-08-21 11:29:02,855 [Worker-3] WARN  o.e.m.c.i.embedder.EclipseLogger - The POM for commons-validator:commons-validator:jar:1.0 is invalid, transitive dependencies (if any) will not be available, enable debug logging for more details
2017-08-21 11:29:02,858 [Worker-3] WARN  o.e.m.c.i.embedder.EclipseLogger - The POM for com.spring.javax:validation-1.0.0.GA:jar:1.0.0.GA is invalid, transitive dependencies (if any) will not be available, enable debug logging for more details
2017-08-21 11:29:02,861 [Worker-3] WARN  o.e.m.c.i.embedder.EclipseLogger - The POM for hibernate-validator:hibernate-validator:jar:4.0.2.GA is invalid, transitive dependencies (if any) will not be available, enable debug logging for more details
2017-08-21 11:29:02,864 [Worker-3] WARN  o.e.m.c.i.embedder.EclipseLogger - The POM for spring-modules-validation:validation-0.8:jar:0.8 is invalid, transitive dependencies (if any) will not be available, enable debug logging for more details
2017-08-21 11:29:02,867 [Worker-3] WARN  o.e.m.c.i.embedder.EclipseLogger - The POM for commons-pool:commons-pool:jar:1.0 is invalid, transitive dependencies (if any) will not be available, enable debug logging for more details
2017-08-21 11:29:02,869 [Worker-3] WARN  o.e.m.c.i.embedder.EclipseLogger - The POM for commons-digester:commons-digester:jar:1.0 is invalid, transitive dependencies (if any) will not be available, enable debug logging for more details
2017-08-21 11:29:02,871 [Worker-3] WARN  o.e.m.c.i.embedder.EclipseLogger - The POM for mysql-connector-java:mysql-connector-java:jar:5.1.5-bin is invalid, transitive dependencies (if any) will not be available, enable debug logging for more details
2017-08-21 11:29:02,873 [Worker-3] WARN  o.e.m.c.i.embedder.EclipseLogger - The POM for jackson-core-asl:jackson-core-asl:jar:1.9.13 is invalid, transitive dependencies (if any) will not be available, enable debug logging for more details
2017-08-21 11:29:02,875 [Worker-3] WARN  o.e.m.c.i.embedder.EclipseLogger - The POM for jackson-mapper-asl:jackson-mapper-asl:jar:1.9.13 is invalid, transitive dependencies (if any) will not be available, enable debug logging for more details
2017-08-21 11:29:02,877 [Worker-3] WARN  o.e.m.c.i.embedder.EclipseLogger - The POM for gson:gson:jar:2.2.4 is invalid, transitive dependencies (if any) will not be available, enable debug logging for more details
2017-08-21 11:29:02,881 [Worker-3] WARN  o.e.m.c.i.embedder.EclipseLogger - The POM for antlr:antlr:jar:1.0 is invalid, transitive dependencies (if any) will not be available, enable debug logging for more details
2017-08-21 11:29:02,883 [Worker-3] WARN  o.e.m.c.i.embedder.EclipseLogger - The POM for jstl:jstl:jar:1.2 is invalid, transitive dependencies (if any) will not be available, enable debug logging for more details
2017-08-21 11:29:02,885 [Worker-3] WARN  o.e.m.c.i.embedder.EclipseLogger - The POM for taglibs:standard:jar:1.1.2 is invalid, transitive dependencies (if any) will not be available, enable debug logging for more details
2017-08-21 11:29:02,887 [Worker-3] WARN  o.e.m.c.i.embedder.EclipseLogger - The POM for ezmorph:ezmorph:jar:1.0.3 is invalid, transitive dependencies (if any) will not be available, enable debug logging for more details
2017-08-21 11:29:02,889 [Worker-3] WARN  o.e.m.c.i.embedder.EclipseLogger - The POM for commons-collections:commons-collections:jar:3.2.1 is invalid, transitive dependencies (if any) will not be available, enable debug logging for more details
2017-08-21 11:29:02,893 [Worker-3] WARN  o.e.m.c.i.embedder.EclipseLogger - The POM for reha.jakarta-oro:jakarta-oro:jar:1.0 is invalid, transitive dependencies (if any) will not be available, enable debug logging for more details
2017-08-21 11:29:02,897 [Worker-3] WARN  o.e.m.c.i.embedder.EclipseLogger - The POM for org.aspectj:aspectjweaver:jar:1.8.6 is invalid, transitive dependencies (if any) will not be available, enable debug logging for more details
2017-08-21 11:29:02,903 [Worker-3] WARN  o.e.m.c.i.embedder.EclipseLogger - The POM for com.google.guava:guava:jar:19.0-rc2 is invalid, transitive dependencies (if any) will not be available, enable debug logging for more details
2017-08-21 11:29:09,879 [DefaultMetadataResolver-0-1] INFO  o.e.m.c.i.e.AbstractTransferListenerAdapter - Downloaded http://mirrors.ibiblio.org/pub/mirrors/maven2/com/jnwtv/jnwtv-common/1.0.0-SNAPSHOT/maven-metadata.xml
2017-08-21 11:29:15,973 [DefaultMetadataResolver-0-0] INFO  o.e.m.c.i.e.AbstractTransferListenerAdapter - Downloaded http://maven.oschina.net/content/groups/public/com/jnwtv/jnwtv-common/1.0.0-SNAPSHOT/maven-metadata.xml
2017-08-21 11:29:15,975 [Worker-3] WARN  o.e.m.c.i.embedder.EclipseLogger - Could not transfer metadata com.jnwtv:jnwtv-common:1.0.0-SNAPSHOT/maven-metadata.xml from/to oschina (http://maven.oschina.net/content/groups/public/): connect timed out
2017-08-21 11:29:15,980 [Worker-3] WARN  o.e.m.c.i.embedder.EclipseLogger - The metadata /Users/cz/.m2/repository/com/jnwtv/jnwtv-common/1.0.0-SNAPSHOT/maven-metadata-ibiblio.xml is invalid: end tag name </body> must match start tag name <hr> from line 888 (position: START_TAG seen ...          08-Nov-2014 19:04                 207\r\n</pre><hr></body>... @888:18) 
2017-08-21 11:29:15,981 [Worker-3] WARN  o.e.m.c.i.embedder.EclipseLogger - Failure to transfer com.jnwtv:jnwtv-common:1.0.0-SNAPSHOT/maven-metadata.xml from http://maven.oschina.net/content/groups/public/ was cached in the local repository, resolution will not be reattempted until the update interval of oschina has elapsed or updates are forced. Original error: Could not transfer metadata com.jnwtv:jnwtv-common:1.0.0-SNAPSHOT/maven-metadata.xml from/to oschina (http://maven.oschina.net/content/groups/public/): connect timed out
2017-08-21 11:29:15,983 [Worker-3] WARN  o.e.m.c.i.embedder.EclipseLogger - The metadata /Users/cz/.m2/repository/com/jnwtv/jnwtv-common/1.0.0-SNAPSHOT/maven-metadata-ibiblio.xml is invalid: end tag name </body> must match start tag name <hr> from line 888 (position: START_TAG seen ...          08-Nov-2014 19:04                 207\r\n</pre><hr></body>... @888:18) 
2017-08-21 11:29:25,987 [Worker-3] INFO  o.e.m.c.i.e.AbstractTransferListenerAdapter - Downloaded http://maven.oschina.net/content/groups/public/com/jnwtv/jnwtv-common/1.0.0-SNAPSHOT/jnwtv-common-1.0.0-SNAPSHOT.pom
2017-08-21 11:29:29,773 [Worker-3] INFO  o.e.m.c.i.e.AbstractTransferListenerAdapter - Downloaded http://mirrors.ibiblio.org/pub/mirrors/maven2/com/jnwtv/jnwtv-common/1.0.0-SNAPSHOT/jnwtv-common-1.0.0-SNAPSHOT.pom
2017-08-21 11:29:29,777 [Worker-3] WARN  o.e.m.c.i.embedder.EclipseLogger - The POM for com.jnwtv:jnwtv-common:jar:1.0.0-SNAPSHOT is invalid, transitive dependencies (if any) will not be available, enable debug logging for more details
2017-08-21 11:29:33,625 [DefaultMetadataResolver-1-1] INFO  o.e.m.c.i.e.AbstractTransferListenerAdapter - Downloaded http://mirrors.ibiblio.org/pub/mirrors/maven2/com/jnwtv/jnwtv-message/1.0.0-SNAPSHOT/maven-metadata.xml
2017-08-21 11:29:39,782 [DefaultMetadataResolver-1-0] INFO  o.e.m.c.i.e.AbstractTransferListenerAdapter - Downloaded http://maven.oschina.net/content/groups/public/com/jnwtv/jnwtv-message/1.0.0-SNAPSHOT/maven-metadata.xml
2017-08-21 11:29:39,783 [Worker-3] WARN  o.e.m.c.i.embedder.EclipseLogger - Could not transfer metadata com.jnwtv:jnwtv-message:1.0.0-SNAPSHOT/maven-metadata.xml from/to oschina (http://maven.oschina.net/content/groups/public/): connect timed out
2017-08-21 11:29:39,785 [Worker-3] WARN  o.e.m.c.i.embedder.EclipseLogger - The metadata /Users/cz/.m2/repository/com/jnwtv/jnwtv-message/1.0.0-SNAPSHOT/maven-metadata-ibiblio.xml is invalid: end tag name </body> must match start tag name <hr> from line 888 (position: START_TAG seen ...          08-Nov-2014 19:04                 207\r\n</pre><hr></body>... @888:18) 
2017-08-21 11:29:39,786 [Worker-3] WARN  o.e.m.c.i.embedder.EclipseLogger - Failure to transfer com.jnwtv:jnwtv-message:1.0.0-SNAPSHOT/maven-metadata.xml from http://maven.oschina.net/content/groups/public/ was cached in the local repository, resolution will not be reattempted until the update interval of oschina has elapsed or updates are forced. Original error: Could not transfer metadata com.jnwtv:jnwtv-message:1.0.0-SNAPSHOT/maven-metadata.xml from/to oschina (http://maven.oschina.net/content/groups/public/): connect timed out
2017-08-21 11:29:39,788 [Worker-3] WARN  o.e.m.c.i.embedder.EclipseLogger - The metadata /Users/cz/.m2/repository/com/jnwtv/jnwtv-message/1.0.0-SNAPSHOT/maven-metadata-ibiblio.xml is invalid: end tag name </body> must match start tag name <hr> from line 888 (position: START_TAG seen ...          08-Nov-2014 19:04                 207\r\n</pre><hr></body>... @888:18) 
2017-08-21 11:29:49,792 [Worker-3] INFO  o.e.m.c.i.e.AbstractTransferListenerAdapter - Downloaded http://maven.oschina.net/content/groups/public/com/jnwtv/jnwtv-message/1.0.0-SNAPSHOT/jnwtv-message-1.0.0-SNAPSHOT.pom
2017-08-21 11:29:54,419 [Worker-3] INFO  o.e.m.c.i.e.AbstractTransferListenerAdapter - Downloaded http://mirrors.ibiblio.org/pub/mirrors/maven2/com/jnwtv/jnwtv-message/1.0.0-SNAPSHOT/jnwtv-message-1.0.0-SNAPSHOT.pom
2017-08-21 11:29:54,421 [Worker-3] WARN  o.e.m.c.i.embedder.EclipseLogger - The POM for com.jnwtv:jnwtv-message:jar:1.0.0-SNAPSHOT is invalid, transitive dependencies (if any) will not be available, enable debug logging for more details
2017-08-21 11:29:54,424 [DefaultMetadataResolver-2-1] INFO  o.e.m.c.i.e.AbstractTransferListenerAdapter - Downloaded http://mirrors.ibiblio.org/pub/mirrors/maven2/com/jnwtv/jnwtv-redis-interface/1.0.0-SNAPSHOT/maven-metadata.xml
2017-08-21 11:29:54,424 [DefaultMetadataResolver-2-0] INFO  o.e.m.c.i.e.AbstractTransferListenerAdapter - Downloaded http://maven.oschina.net/content/groups/public/com/jnwtv/jnwtv-redis-interface/1.0.0-SNAPSHOT/maven-metadata.xml
2017-08-21 11:29:54,426 [Worker-3] WARN  o.e.m.c.i.embedder.EclipseLogger - Could not transfer metadata com.jnwtv:jnwtv-redis-interface:1.0.0-SNAPSHOT/maven-metadata.xml from/to oschina (http://maven.oschina.net/content/groups/public/): The operation was cancelled.
2017-08-21 11:29:54,426 [Worker-3] WARN  o.e.m.c.i.embedder.EclipseLogger - Could not transfer metadata com.jnwtv:jnwtv-redis-interface:1.0.0-SNAPSHOT/maven-metadata.xml from/to ibiblio (http://mirrors.ibiblio.org/pub/mirrors/maven2/): The operation was cancelled.
2017-08-21 11:29:54,427 [Worker-3] WARN  o.e.m.c.i.embedder.EclipseLogger - Failure to transfer com.jnwtv:jnwtv-redis-interface:1.0.0-SNAPSHOT/maven-metadata.xml from http://maven.oschina.net/content/groups/public/ was cached in the local repository, resolution will not be reattempted until the update interval of oschina has elapsed or updates are forced. Original error: Could not transfer metadata com.jnwtv:jnwtv-redis-interface:1.0.0-SNAPSHOT/maven-metadata.xml from/to oschina (http://maven.oschina.net/content/groups/public/): The operation was cancelled.
2017-08-21 11:29:54,427 [Worker-3] WARN  o.e.m.c.i.embedder.EclipseLogger - Failure to transfer com.jnwtv:jnwtv-redis-interface:1.0.0-SNAPSHOT/maven-metadata.xml from http://mirrors.ibiblio.org/pub/mirrors/maven2/ was cached in the local repository, resolution will not be reattempted until the update interval of ibiblio has elapsed or updates are forced. Original error: Could not transfer metadata com.jnwtv:jnwtv-redis-interface:1.0.0-SNAPSHOT/maven-metadata.xml from/to ibiblio (http://mirrors.ibiblio.org/pub/mirrors/maven2/): The operation was cancelled.
2017-08-21 11:29:54,428 [Worker-3] INFO  o.e.m.c.i.e.AbstractTransferListenerAdapter - Downloaded http://maven.oschina.net/content/groups/public/com/jnwtv/jnwtv-redis-interface/1.0.0-SNAPSHOT/jnwtv-redis-interface-1.0.0-SNAPSHOT.pom
2017-08-21 11:29:54,429 [Worker-3] INFO  o.e.m.c.i.e.AbstractTransferListenerAdapter - Downloaded http://mirrors.ibiblio.org/pub/mirrors/maven2/com/jnwtv/jnwtv-redis-interface/1.0.0-SNAPSHOT/jnwtv-redis-interface-1.0.0-SNAPSHOT.pom
2017-08-21 11:29:54,433 [Worker-3] WARN  o.e.m.c.i.embedder.EclipseLogger - The POM for com.squareup.okhttp3:okhttp:jar:3.2.0 is invalid, transitive dependencies (if any) will not be available, enable debug logging for more details
2017-08-21 11:29:54,436 [Worker-3] WARN  o.e.m.c.i.embedder.EclipseLogger - The POM for com.google.code.gson:gson:jar:2.6.2 is invalid, transitive dependencies (if any) will not be available, enable debug logging for more details
2017-08-21 11:29:54,439 [Worker-3] WARN  o.e.m.c.i.embedder.EclipseLogger - The POM for junit:junit:jar:4.12 is invalid, transitive dependencies (if any) will not be available, enable debug logging for more details
2017-08-21 11:29:59,865 [Worker-3] WARN  o.e.m.c.i.embedder.EclipseLogger - The POM for commons.alipay:alipay-sdk-java:jar:1.0.0 is invalid, transitive dependencies (if any) will not be available, enable debug logging for more details
2017-08-21 11:29:59,868 [Worker-3] WARN  o.e.m.c.i.embedder.EclipseLogger - The POM for commons.alipay:commons-logging:jar:1.1.1 is invalid, transitive dependencies (if any) will not be available, enable debug logging for more details
2017-08-21 11:29:59,881 [Worker-3] WARN  o.e.m.c.i.embedder.EclipseLogger - The POM for com.sun.mail:javax.mail:jar:1.5.6 is invalid, transitive dependencies (if any) will not be available, enable debug logging for more details
2017-08-21 11:29:59,905 [Worker-3] WARN  o.e.m.c.i.embedder.EclipseLogger - The artifact servletapi:servlet-api:jar:2.4 has been relocated to javax.servlet:servlet-api:jar:2.4
2017-08-21 11:30:25,315 [Worker-0] WARN  o.e.m.c.i.embedder.EclipseLogger - The POM for commons.alipay:alipay-sdk-java:jar:1.0.0 is missing, no dependency information available
2017-08-21 11:30:25,321 [Worker-0] WARN  o.e.m.c.i.embedder.EclipseLogger - The POM for commons.alipay:commons-logging:jar:1.1.1 is missing, no dependency information available
2017-08-21 11:30:25,343 [Worker-0] WARN  o.e.m.c.i.embedder.EclipseLogger - The POM for com.sun.mail:javax.mail:jar:1.5.6 is invalid, transitive dependencies (if any) will not be available, enable debug logging for more details
2017-08-21 11:30:25,384 [Worker-0] WARN  o.e.m.c.i.embedder.EclipseLogger - The artifact servletapi:servlet-api:jar:2.4 has been relocated to javax.servlet:servlet-api:jar:2.4
2017-08-21 11:30:25,972 [Worker-0] INFO  o.e.m.c.i.embedder.EclipseLogger - Using 'UTF-8' encoding to copy filtered resources.
2017-08-21 11:30:25,978 [Worker-0] INFO  o.e.m.c.i.embedder.EclipseLogger - Copying 31 resources
2017-08-21 11:30:26,001 [Worker-0] INFO  o.e.m.c.i.embedder.EclipseLogger - Using 'UTF-8' encoding to copy filtered resources.
2017-08-21 11:30:26,001 [Worker-0] INFO  o.e.m.c.i.embedder.EclipseLogger - skip non existing resourceDirectory /workspaces/coder/jnwtv-third-console/src/test/resources
2017-08-21 11:30:26,561 [Worker-9] INFO  o.e.m.c.i.embedder.EclipseLogger - Using 'UTF-8' encoding to copy filtered resources.
2017-08-21 11:30:26,565 [Worker-9] INFO  o.e.m.c.i.embedder.EclipseLogger - Copying 0 resource
2017-08-21 11:30:26,566 [Worker-9] INFO  o.e.m.c.i.embedder.EclipseLogger - Using 'UTF-8' encoding to copy filtered resources.
2017-08-21 11:30:26,566 [Worker-9] INFO  o.e.m.c.i.embedder.EclipseLogger - skip non existing resourceDirectory /workspaces/coder/jnwtv-third-console/src/test/resources
2017-08-21 11:30:41,835 [Worker-3] INFO  o.e.m.c.i.embedder.EclipseLogger - Using 'UTF-8' encoding to copy filtered resources.
2017-08-21 11:30:41,837 [Worker-3] INFO  o.e.m.c.i.embedder.EclipseLogger - Copying 31 resources
2017-08-21 11:30:41,851 [Worker-3] INFO  o.e.m.c.i.embedder.EclipseLogger - Using 'UTF-8' encoding to copy filtered resources.
2017-08-21 11:30:41,851 [Worker-3] INFO  o.e.m.c.i.embedder.EclipseLogger - skip non existing resourceDirectory /workspaces/coder/jnwtv-third-console/src/test/resources
2017-08-21 11:30:43,808 [Worker-5] INFO  o.e.m.c.i.embedder.EclipseLogger - Using 'UTF-8' encoding to copy filtered resources.
2017-08-21 11:30:43,809 [Worker-5] INFO  o.e.m.c.i.embedder.EclipseLogger - Copying 31 resources
2017-08-21 11:30:43,818 [Worker-5] INFO  o.e.m.c.i.embedder.EclipseLogger - Using 'UTF-8' encoding to copy filtered resources.
2017-08-21 11:30:43,818 [Worker-5] INFO  o.e.m.c.i.embedder.EclipseLogger - skip non existing resourceDirectory /workspaces/coder/jnwtv-third-console/src/test/resources
2017-08-21 11:31:28,816 [Worker-1] INFO  o.e.m.c.i.l.LifecycleMappingFactory - Using org.eclipse.m2e.jdt.JarLifecycleMapping lifecycle mapping for MavenProject: com.jnwtv:code-common:1.0.0-SNAPSHOT @ /workspaces/coder/coder-common/pom.xml.
2017-08-21 11:31:28,901 [Worker-1] WARN  o.e.m.c.i.embedder.EclipseLogger - The POM for commons.alipay:alipay-sdk-java:jar:1.0.0 is missing, no dependency information available
2017-08-21 11:31:28,902 [Worker-1] WARN  o.e.m.c.i.embedder.EclipseLogger - The POM for commons.alipay:commons-logging:jar:1.1.1 is missing, no dependency information available
2017-08-21 11:31:34,061 [Worker-1] INFO  o.e.m.j.i.AbstractJavaProjectConfigurator - Adding source folder /coder-common/src/main/java
2017-08-21 11:31:34,061 [Worker-1] INFO  o.e.m.j.i.AbstractJavaProjectConfigurator - Adding resource folder /coder-common/src/main/resources
2017-08-21 11:31:34,063 [Worker-1] INFO  o.e.m.j.i.AbstractJavaProjectConfigurator - Adding source folder /coder-common/src/test/java
2017-08-21 11:31:34,119 [Worker-1] INFO  o.e.m.c.i.p.ProjectConfigurationManager - Imported and configured 1 project(s) in 5 sec
2017-08-21 11:31:43,673 [Worker-14] WARN  o.e.m.c.i.embedder.EclipseLogger - The POM for commons.alipay:alipay-sdk-java:jar:1.0.0 is missing, no dependency information available
2017-08-21 11:31:43,674 [Worker-14] WARN  o.e.m.c.i.embedder.EclipseLogger - The POM for commons.alipay:commons-logging:jar:1.1.1 is missing, no dependency information available
2017-08-21 11:31:43,686 [Worker-14] WARN  o.e.m.c.i.embedder.EclipseLogger - The POM for com.sun.mail:javax.mail:jar:1.5.6 is invalid, transitive dependencies (if any) will not be available, enable debug logging for more details
2017-08-21 11:31:43,717 [Worker-14] WARN  o.e.m.c.i.embedder.EclipseLogger - The artifact servletapi:servlet-api:jar:2.4 has been relocated to javax.servlet:servlet-api:jar:2.4
2017-08-21 11:31:43,824 [Worker-14] WARN  o.e.m.c.i.embedder.EclipseLogger - The POM for commons.alipay:alipay-sdk-java:jar:1.0.0 is missing, no dependency information available
2017-08-21 11:31:43,825 [Worker-14] WARN  o.e.m.c.i.embedder.EclipseLogger - The POM for commons.alipay:commons-logging:jar:1.1.1 is missing, no dependency information available
2017-08-21 11:31:43,835 [Worker-14] WARN  o.e.m.c.i.embedder.EclipseLogger - The POM for com.sun.mail:javax.mail:jar:1.5.6 is invalid, transitive dependencies (if any) will not be available, enable debug logging for more details
2017-08-21 11:31:43,852 [Worker-14] WARN  o.e.m.c.i.embedder.EclipseLogger - The artifact servletapi:servlet-api:jar:2.4 has been relocated to javax.servlet:servlet-api:jar:2.4
2017-08-21 11:33:10,639 [Worker-3] WARN  o.e.m.c.i.embedder.EclipseLogger - The POM for commons.alipay:alipay-sdk-java:jar:1.0.0 is missing, no dependency information available
2017-08-21 11:33:10,640 [Worker-3] WARN  o.e.m.c.i.embedder.EclipseLogger - The POM for commons.alipay:commons-logging:jar:1.1.1 is missing, no dependency information available
2017-08-21 11:33:10,651 [Worker-3] WARN  o.e.m.c.i.embedder.EclipseLogger - The POM for com.sun.mail:javax.mail:jar:1.5.6 is invalid, transitive dependencies (if any) will not be available, enable debug logging for more details
2017-08-21 11:33:10,665 [Worker-3] WARN  o.e.m.c.i.embedder.EclipseLogger - The artifact servletapi:servlet-api:jar:2.4 has been relocated to javax.servlet:servlet-api:jar:2.4
2017-08-21 11:33:10,770 [Worker-3] WARN  o.e.m.c.i.embedder.EclipseLogger - The POM for commons.alipay:alipay-sdk-java:jar:1.0.0 is missing, no dependency information available
2017-08-21 11:33:10,771 [Worker-3] WARN  o.e.m.c.i.embedder.EclipseLogger - The POM for commons.alipay:commons-logging:jar:1.1.1 is missing, no dependency information available
2017-08-21 11:33:10,781 [Worker-3] WARN  o.e.m.c.i.embedder.EclipseLogger - The POM for com.sun.mail:javax.mail:jar:1.5.6 is invalid, transitive dependencies (if any) will not be available, enable debug logging for more details
2017-08-21 11:33:10,795 [Worker-3] WARN  o.e.m.c.i.embedder.EclipseLogger - The artifact servletapi:servlet-api:jar:2.4 has been relocated to javax.servlet:servlet-api:jar:2.4
2017-08-21 11:33:15,765 [Worker-18] WARN  o.e.m.c.i.embedder.EclipseLogger - The POM for commons.alipay:alipay-sdk-java:jar:1.0.0 is missing, no dependency information available
2017-08-21 11:33:15,766 [Worker-18] WARN  o.e.m.c.i.embedder.EclipseLogger - The POM for commons.alipay:commons-logging:jar:1.1.1 is missing, no dependency information available
2017-08-21 11:33:15,878 [Worker-18] INFO  o.e.m.c.i.l.LifecycleMappingFactory - Using org.maven.ide.eclipse.wtp.WarLifecycleMapping lifecycle mapping for MavenProject: com.jnwtv:coder-web:1.0.0-SNAPSHOT @ /workspaces/coder/coder-web/pom.xml.
2017-08-21 11:33:15,958 [Worker-18] WARN  o.e.m.c.i.embedder.EclipseLogger - The POM for commons.alipay:alipay-sdk-java:jar:1.0.0 is missing, no dependency information available
2017-08-21 11:33:15,959 [Worker-18] WARN  o.e.m.c.i.embedder.EclipseLogger - The POM for commons.alipay:commons-logging:jar:1.1.1 is missing, no dependency information available
2017-08-21 11:33:15,965 [Worker-18] WARN  o.e.m.c.i.embedder.EclipseLogger - The POM for com.sun.mail:javax.mail:jar:1.5.6 is invalid, transitive dependencies (if any) will not be available, enable debug logging for more details
2017-08-21 11:33:15,977 [Worker-18] WARN  o.e.m.c.i.embedder.EclipseLogger - The artifact servletapi:servlet-api:jar:2.4 has been relocated to javax.servlet:servlet-api:jar:2.4
2017-08-21 11:33:16,066 [Worker-18] WARN  o.e.m.c.i.embedder.EclipseLogger - The POM for commons.alipay:alipay-sdk-java:jar:1.0.0 is missing, no dependency information available
2017-08-21 11:33:16,067 [Worker-18] WARN  o.e.m.c.i.embedder.EclipseLogger - The POM for commons.alipay:commons-logging:jar:1.1.1 is missing, no dependency information available
2017-08-21 11:33:16,074 [Worker-18] WARN  o.e.m.c.i.embedder.EclipseLogger - The POM for com.sun.mail:javax.mail:jar:1.5.6 is invalid, transitive dependencies (if any) will not be available, enable debug logging for more details
2017-08-21 11:33:16,084 [Worker-18] WARN  o.e.m.c.i.embedder.EclipseLogger - The artifact servletapi:servlet-api:jar:2.4 has been relocated to javax.servlet:servlet-api:jar:2.4
2017-08-21 11:33:16,401 [Worker-18] INFO  o.e.m.w.i.f.ResourceFilteringBuildParticipant - Cleaning filtered folder for coder-web
2017-08-21 11:33:25,576 [Worker-3] WARN  o.e.m.c.i.embedder.EclipseLogger - The POM for commons.alipay:alipay-sdk-java:jar:1.0.0 is missing, no dependency information available
2017-08-21 11:33:25,577 [Worker-3] WARN  o.e.m.c.i.embedder.EclipseLogger - The POM for commons.alipay:commons-logging:jar:1.1.1 is missing, no dependency information available
2017-08-21 11:33:25,585 [Worker-3] WARN  o.e.m.c.i.embedder.EclipseLogger - The POM for com.sun.mail:javax.mail:jar:1.5.6 is invalid, transitive dependencies (if any) will not be available, enable debug logging for more details
2017-08-21 11:33:25,605 [Worker-3] WARN  o.e.m.c.i.embedder.EclipseLogger - The artifact servletapi:servlet-api:jar:2.4 has been relocated to javax.servlet:servlet-api:jar:2.4
2017-08-21 11:59:55,198 [Worker-1] WARN  o.e.m.c.i.embedder.EclipseLogger - The POM for commons.alipay:alipay-sdk-java:jar:1.0.0 is missing, no dependency information available
2017-08-21 11:59:55,205 [Worker-1] WARN  o.e.m.c.i.embedder.EclipseLogger - The POM for commons.alipay:commons-logging:jar:1.1.1 is missing, no dependency information available
2017-08-21 11:59:55,784 [Worker-1] INFO  o.e.m.c.i.embedder.EclipseLogger - Using 'UTF8' encoding to copy filtered resources.
2017-08-21 11:59:55,792 [Worker-1] INFO  o.e.m.c.i.embedder.EclipseLogger - Copying 2 resources
2017-08-21 11:59:55,804 [Worker-1] INFO  o.e.m.c.i.embedder.EclipseLogger - Using 'UTF8' encoding to copy filtered resources.
2017-08-21 11:59:55,804 [Worker-1] INFO  o.e.m.c.i.embedder.EclipseLogger - skip non existing resourceDirectory /workspaces/coder/coder-common/src/test/resources
2017-08-21 11:59:57,578 [Worker-1] INFO  o.e.m.c.i.l.LifecycleMappingFactory - Using org.maven.ide.eclipse.wtp.WarLifecycleMapping lifecycle mapping for MavenProject: com.jnwtv:coder-web:${coder.version} @ /workspaces/coder/coder-web/pom.xml.
2017-08-21 11:59:58,846 [Worker-1] INFO  o.e.m.c.i.e.AbstractTransferListenerAdapter - Downloaded http://maven.aliyun.com/nexus/content/groups/public/com/jnwtv/jnwtv-common/${coder.version}/jnwtv-common-${coder.version}.pom
2017-08-21 11:59:58,848 [Worker-1] WARN  o.e.m.c.i.embedder.EclipseLogger - The POM for com.jnwtv:jnwtv-common:jar:${coder.version} is missing, no dependency information available
2017-08-21 11:59:58,861 [Worker-1] WARN  o.e.m.c.i.embedder.EclipseLogger - The artifact servletapi:servlet-api:jar:2.4 has been relocated to javax.servlet:servlet-api:jar:2.4
2017-08-21 11:59:58,930 [Worker-1] INFO  o.e.m.c.i.e.AbstractTransferListenerAdapter - Downloaded http://maven.aliyun.com/nexus/content/groups/public/com/jnwtv/jnwtv-common/${coder.version}/jnwtv-common-${coder.version}.jar
2017-08-21 11:59:59,035 [Worker-1] WARN  o.e.m.c.i.embedder.EclipseLogger - The POM for com.jnwtv:jnwtv-common:jar:${coder.version} is missing, no dependency information available
2017-08-21 11:59:59,044 [Worker-1] WARN  o.e.m.c.i.embedder.EclipseLogger - The artifact servletapi:servlet-api:jar:2.4 has been relocated to javax.servlet:servlet-api:jar:2.4
2017-08-21 11:59:59,296 [Worker-1] WARN  o.e.m.c.i.embedder.EclipseLogger - The artifact servletapi:servlet-api:jar:2.4 has been relocated to javax.servlet:servlet-api:jar:2.4
2017-08-21 11:59:59,420 [Worker-1] INFO  o.e.m.c.i.embedder.EclipseLogger - Using 'UTF-8' encoding to copy filtered resources.
2017-08-21 11:59:59,422 [Worker-1] INFO  o.e.m.c.i.embedder.EclipseLogger - Copying 31 resources
2017-08-21 11:59:59,465 [Worker-1] INFO  o.e.m.c.i.embedder.EclipseLogger - Using 'UTF-8' encoding to copy filtered resources.
2017-08-21 11:59:59,466 [Worker-1] INFO  o.e.m.c.i.embedder.EclipseLogger - skip non existing resourceDirectory /workspaces/coder/coder-web/src/test/resources
2017-08-21 12:03:20,337 [Worker-1] WARN  o.e.m.c.i.embedder.EclipseLogger - The POM for com.jnwtv:jnwtv-common:jar:${coder.version} is missing, no dependency information available
2017-08-21 12:03:20,348 [Worker-1] WARN  o.e.m.c.i.embedder.EclipseLogger - The artifact servletapi:servlet-api:jar:2.4 has been relocated to javax.servlet:servlet-api:jar:2.4
2017-08-21 12:03:44,949 [Worker-15] INFO  o.e.m.c.i.l.LifecycleMappingFactory - Using org.maven.ide.eclipse.wtp.WarLifecycleMapping lifecycle mapping for MavenProject: com.jnwtv:coder-web:${coder.version} @ /workspaces/coder/coder-web/pom.xml.
2017-08-21 12:03:45,247 [Worker-15] INFO  o.e.m.c.i.e.AbstractTransferListenerAdapter - Downloaded http://maven.aliyun.com/nexus/content/groups/public/com/cz/coder-common/${coder.version}/coder-common-${coder.version}.pom
2017-08-21 12:03:45,248 [Worker-15] WARN  o.e.m.c.i.embedder.EclipseLogger - The POM for com.cz:coder-common:jar:${coder.version} is missing, no dependency information available
2017-08-21 12:03:45,260 [Worker-15] WARN  o.e.m.c.i.embedder.EclipseLogger - The artifact servletapi:servlet-api:jar:2.4 has been relocated to javax.servlet:servlet-api:jar:2.4
2017-08-21 12:03:45,371 [Worker-15] INFO  o.e.m.c.i.e.AbstractTransferListenerAdapter - Downloaded http://maven.aliyun.com/nexus/content/groups/public/com/cz/coder-common/${coder.version}/coder-common-${coder.version}.jar
2017-08-21 12:03:45,407 [Worker-15] WARN  o.e.m.c.i.embedder.EclipseLogger - The POM for com.cz:coder-common:jar:${coder.version} is missing, no dependency information available
2017-08-21 12:03:45,413 [Worker-15] WARN  o.e.m.c.i.embedder.EclipseLogger - The artifact servletapi:servlet-api:jar:2.4 has been relocated to javax.servlet:servlet-api:jar:2.4
2017-08-21 12:03:45,632 [Worker-15] WARN  o.e.m.c.i.embedder.EclipseLogger - The artifact servletapi:servlet-api:jar:2.4 has been relocated to javax.servlet:servlet-api:jar:2.4
2017-08-21 12:03:45,682 [Worker-15] INFO  o.e.m.c.i.embedder.EclipseLogger - Using 'UTF-8' encoding to copy filtered resources.
2017-08-21 12:03:45,684 [Worker-15] INFO  o.e.m.c.i.embedder.EclipseLogger - Copying 0 resource
2017-08-21 12:03:45,685 [Worker-15] INFO  o.e.m.c.i.embedder.EclipseLogger - Using 'UTF-8' encoding to copy filtered resources.
2017-08-21 12:03:45,685 [Worker-15] INFO  o.e.m.c.i.embedder.EclipseLogger - skip non existing resourceDirectory /workspaces/coder/coder-web/src/test/resources
2017-08-21 12:03:45,686 [Worker-15] INFO  o.e.m.w.i.f.ResourceFilteringBuildParticipant - Changed resources require a complete clean of filtered resources of coder-web
2017-08-21 12:03:45,687 [Worker-15] INFO  o.e.m.w.i.f.ResourceFilteringBuildParticipant - Executing resource filtering for coder-web
2017-08-21 12:03:45,692 [Worker-15] INFO  o.e.m.c.i.embedder.EclipseLogger - Using 'UTF-8' encoding to copy filtered resources.
2017-08-21 12:04:02,964 [Worker-15] INFO  o.e.m.c.i.e.AbstractTransferListenerAdapter - Downloaded http://maven.aliyun.com/nexus/content/groups/public/com/coder/coder-common/${coder.version}/coder-common-${coder.version}.pom
2017-08-21 12:04:02,965 [Worker-15] WARN  o.e.m.c.i.embedder.EclipseLogger - The POM for com.coder:coder-common:jar:${coder.version} is missing, no dependency information available
2017-08-21 12:04:02,980 [Worker-15] WARN  o.e.m.c.i.embedder.EclipseLogger - The artifact servletapi:servlet-api:jar:2.4 has been relocated to javax.servlet:servlet-api:jar:2.4
2017-08-21 12:04:03,085 [Worker-15] INFO  o.e.m.c.i.e.AbstractTransferListenerAdapter - Downloaded http://maven.aliyun.com/nexus/content/groups/public/com/coder/coder-common/${coder.version}/coder-common-${coder.version}.jar
2017-08-21 12:04:03,164 [Worker-13] INFO  o.e.m.c.i.l.LifecycleMappingFactory - Using org.maven.ide.eclipse.wtp.WarLifecycleMapping lifecycle mapping for MavenProject: com.jnwtv:coder-web:${coder.version} @ /workspaces/coder/coder-web/pom.xml.
2017-08-21 12:04:03,191 [Worker-13] WARN  o.e.m.c.i.embedder.EclipseLogger - The POM for com.coder:coder-common:jar:${coder.version} is missing, no dependency information available
2017-08-21 12:04:03,197 [Worker-13] WARN  o.e.m.c.i.embedder.EclipseLogger - The artifact servletapi:servlet-api:jar:2.4 has been relocated to javax.servlet:servlet-api:jar:2.4
2017-08-21 12:04:03,232 [Worker-13] WARN  o.e.m.c.i.embedder.EclipseLogger - The POM for com.coder:coder-common:jar:${coder.version} is missing, no dependency information available
2017-08-21 12:04:03,238 [Worker-13] WARN  o.e.m.c.i.embedder.EclipseLogger - The artifact servletapi:servlet-api:jar:2.4 has been relocated to javax.servlet:servlet-api:jar:2.4
2017-08-21 12:04:03,478 [Worker-13] INFO  o.e.m.c.i.embedder.EclipseLogger - Using 'UTF-8' encoding to copy filtered resources.
2017-08-21 12:04:03,478 [Worker-13] INFO  o.e.m.c.i.embedder.EclipseLogger - Copying 0 resource
2017-08-21 12:04:03,479 [Worker-13] INFO  o.e.m.c.i.embedder.EclipseLogger - Using 'UTF-8' encoding to copy filtered resources.
2017-08-21 12:04:03,479 [Worker-13] INFO  o.e.m.c.i.embedder.EclipseLogger - skip non existing resourceDirectory /workspaces/coder/coder-web/src/test/resources
2017-08-21 12:04:03,479 [Worker-13] INFO  o.e.m.w.i.f.ResourceFilteringBuildParticipant - Changed resources require a complete clean of filtered resources of coder-web
2017-08-21 12:04:03,479 [Worker-13] INFO  o.e.m.w.i.f.ResourceFilteringBuildParticipant - Executing resource filtering for coder-web
2017-08-21 12:04:03,482 [Worker-13] INFO  o.e.m.c.i.embedder.EclipseLogger - Using 'UTF-8' encoding to copy filtered resources.
2017-08-21 12:04:31,101 [Worker-4] INFO  o.e.m.c.i.l.LifecycleMappingFactory - Using org.eclipse.m2e.jdt.JarLifecycleMapping lifecycle mapping for MavenProject: com.jnwtv:coder-common:${coder.version} @ /workspaces/coder/coder-common/pom.xml.
2017-08-21 12:04:31,156 [Worker-4] WARN  o.e.m.c.i.embedder.EclipseLogger - The POM for commons.alipay:alipay-sdk-java:jar:1.0.0 is missing, no dependency information available
2017-08-21 12:04:31,156 [Worker-4] WARN  o.e.m.c.i.embedder.EclipseLogger - The POM for commons.alipay:commons-logging:jar:1.1.1 is missing, no dependency information available
2017-08-21 12:04:31,228 [Worker-4] INFO  o.e.m.c.i.embedder.EclipseLogger - Using 'UTF8' encoding to copy filtered resources.
2017-08-21 12:04:31,228 [Worker-4] INFO  o.e.m.c.i.embedder.EclipseLogger - Copying 0 resource
2017-08-21 12:04:31,229 [Worker-4] INFO  o.e.m.c.i.embedder.EclipseLogger - Using 'UTF8' encoding to copy filtered resources.
2017-08-21 12:04:31,229 [Worker-4] INFO  o.e.m.c.i.embedder.EclipseLogger - skip non existing resourceDirectory /workspaces/coder/coder-common/src/test/resources
2017-08-21 12:06:07,548 [Worker-13] WARN  o.e.m.c.i.embedder.EclipseLogger - The POM for commons.alipay:alipay-sdk-java:jar:1.0.0 is missing, no dependency information available
2017-08-21 12:06:07,549 [Worker-13] WARN  o.e.m.c.i.embedder.EclipseLogger - The POM for commons.alipay:commons-logging:jar:1.1.1 is missing, no dependency information available
2017-08-21 12:06:07,674 [Worker-1] INFO  o.e.m.c.i.l.LifecycleMappingFactory - Using org.eclipse.m2e.jdt.JarLifecycleMapping lifecycle mapping for MavenProject: com.jnwtv:coder-common:1.0.0-SNAPSHOT @ /workspaces/coder/coder-common/pom.xml.
2017-08-21 12:06:07,731 [Worker-1] WARN  o.e.m.c.i.embedder.EclipseLogger - The POM for commons.alipay:alipay-sdk-java:jar:1.0.0 is missing, no dependency information available
2017-08-21 12:06:07,732 [Worker-1] WARN  o.e.m.c.i.embedder.EclipseLogger - The POM for commons.alipay:commons-logging:jar:1.1.1 is missing, no dependency information available
2017-08-21 12:06:07,804 [Worker-1] INFO  o.e.m.c.i.embedder.EclipseLogger - Using 'UTF8' encoding to copy filtered resources.
2017-08-21 12:06:07,804 [Worker-1] INFO  o.e.m.c.i.embedder.EclipseLogger - Copying 0 resource
2017-08-21 12:06:07,805 [Worker-1] INFO  o.e.m.c.i.embedder.EclipseLogger - Using 'UTF8' encoding to copy filtered resources.
2017-08-21 12:06:07,805 [Worker-1] INFO  o.e.m.c.i.embedder.EclipseLogger - skip non existing resourceDirectory /workspaces/coder/coder-common/src/test/resources
2017-08-21 12:12:14,896 [Worker-21] WARN  o.e.m.c.i.embedder.EclipseLogger - The POM for commons.alipay:alipay-sdk-java:jar:1.0.0 is missing, no dependency information available
2017-08-21 12:12:14,897 [Worker-21] WARN  o.e.m.c.i.embedder.EclipseLogger - The POM for commons.alipay:commons-logging:jar:1.1.1 is missing, no dependency information available
2017-08-21 12:12:15,026 [Worker-5] INFO  o.e.m.c.i.l.LifecycleMappingFactory - Using org.eclipse.m2e.jdt.JarLifecycleMapping lifecycle mapping for MavenProject: com.cz:coder-common:1.0.0-SNAPSHOT @ /workspaces/coder/coder-common/pom.xml.
2017-08-21 12:12:15,089 [Worker-5] WARN  o.e.m.c.i.embedder.EclipseLogger - The POM for commons.alipay:alipay-sdk-java:jar:1.0.0 is missing, no dependency information available
2017-08-21 12:12:15,090 [Worker-5] WARN  o.e.m.c.i.embedder.EclipseLogger - The POM for commons.alipay:commons-logging:jar:1.1.1 is missing, no dependency information available
2017-08-21 12:12:15,193 [Worker-5] INFO  o.e.m.c.i.embedder.EclipseLogger - Using 'UTF8' encoding to copy filtered resources.
2017-08-21 12:12:15,193 [Worker-5] INFO  o.e.m.c.i.embedder.EclipseLogger - Copying 0 resource
2017-08-21 12:12:15,196 [Worker-5] INFO  o.e.m.c.i.embedder.EclipseLogger - Using 'UTF8' encoding to copy filtered resources.
2017-08-21 12:12:15,196 [Worker-5] INFO  o.e.m.c.i.embedder.EclipseLogger - skip non existing resourceDirectory /workspaces/coder/coder-common/src/test/resources
2017-08-21 12:12:22,400 [Worker-5] WARN  o.e.m.c.i.embedder.EclipseLogger - The POM for commons.alipay:alipay-sdk-java:jar:1.0.0 is missing, no dependency information available
2017-08-21 12:12:22,401 [Worker-5] WARN  o.e.m.c.i.embedder.EclipseLogger - The POM for commons.alipay:commons-logging:jar:1.1.1 is missing, no dependency information available
2017-08-21 12:12:22,476 [Worker-20] INFO  o.e.m.c.i.l.LifecycleMappingFactory - Using org.eclipse.m2e.jdt.JarLifecycleMapping lifecycle mapping for MavenProject: com.cz.coder:coder-common:1.0.0-SNAPSHOT @ /workspaces/coder/coder-common/pom.xml.
2017-08-21 12:12:22,555 [Worker-20] WARN  o.e.m.c.i.embedder.EclipseLogger - The POM for commons.alipay:alipay-sdk-java:jar:1.0.0 is missing, no dependency information available
2017-08-21 12:12:22,556 [Worker-20] WARN  o.e.m.c.i.embedder.EclipseLogger - The POM for commons.alipay:commons-logging:jar:1.1.1 is missing, no dependency information available
2017-08-21 12:12:22,619 [Worker-20] INFO  o.e.m.c.i.embedder.EclipseLogger - Using 'UTF8' encoding to copy filtered resources.
2017-08-21 12:12:22,619 [Worker-20] INFO  o.e.m.c.i.embedder.EclipseLogger - Copying 0 resource
2017-08-21 12:12:22,620 [Worker-20] INFO  o.e.m.c.i.embedder.EclipseLogger - Using 'UTF8' encoding to copy filtered resources.
2017-08-21 12:12:22,620 [Worker-20] INFO  o.e.m.c.i.embedder.EclipseLogger - skip non existing resourceDirectory /workspaces/coder/coder-common/src/test/resources
2017-08-21 12:12:36,976 [Worker-19] INFO  o.e.m.c.i.l.LifecycleMappingFactory - Using org.maven.ide.eclipse.wtp.WarLifecycleMapping lifecycle mapping for MavenProject: com.jnwtv:coder-web:${coder.version} @ /workspaces/coder/coder-web/pom.xml.
2017-08-21 12:12:37,955 [Worker-20] INFO  o.e.m.c.i.e.AbstractTransferListenerAdapter - Downloaded http://maven.aliyun.com/nexus/content/groups/public/com/cz/coder/coder-common/${coder.version}/coder-common-${coder.version}.pom
2017-08-21 12:12:37,956 [Worker-20] WARN  o.e.m.c.i.embedder.EclipseLogger - The POM for com.cz.coder:coder-common:jar:${coder.version} is missing, no dependency information available
2017-08-21 12:12:37,963 [Worker-20] WARN  o.e.m.c.i.embedder.EclipseLogger - The artifact servletapi:servlet-api:jar:2.4 has been relocated to javax.servlet:servlet-api:jar:2.4
2017-08-21 12:12:37,991 [Worker-19] INFO  o.e.m.c.i.e.AbstractTransferListenerAdapter - Downloaded http://maven.aliyun.com/nexus/content/groups/public/com/cz/coder/coder-common/${coder.version}/coder-common-${coder.version}.pom
2017-08-21 12:12:37,991 [Worker-19] WARN  o.e.m.c.i.embedder.EclipseLogger - The POM for com.cz.coder:coder-common:jar:${coder.version} is missing, no dependency information available
2017-08-21 12:12:37,997 [Worker-19] WARN  o.e.m.c.i.embedder.EclipseLogger - The artifact servletapi:servlet-api:jar:2.4 has been relocated to javax.servlet:servlet-api:jar:2.4
2017-08-21 12:12:38,044 [Worker-20] INFO  o.e.m.c.i.e.AbstractTransferListenerAdapter - Downloaded http://maven.aliyun.com/nexus/content/groups/public/com/cz/coder/coder-common/${coder.version}/coder-common-${coder.version}.jar
2017-08-21 12:12:38,063 [Worker-19] INFO  o.e.m.c.i.e.AbstractTransferListenerAdapter - Downloaded http://maven.aliyun.com/nexus/content/groups/public/com/cz/coder/coder-common/${coder.version}/coder-common-${coder.version}.jar
2017-08-21 12:12:38,093 [Worker-19] WARN  o.e.m.c.i.embedder.EclipseLogger - The POM for com.cz.coder:coder-common:jar:${coder.version} is missing, no dependency information available
2017-08-21 12:12:38,098 [Worker-19] WARN  o.e.m.c.i.embedder.EclipseLogger - The artifact servletapi:servlet-api:jar:2.4 has been relocated to javax.servlet:servlet-api:jar:2.4
2017-08-21 12:12:38,329 [Worker-19] INFO  o.e.m.c.i.embedder.EclipseLogger - Using 'UTF-8' encoding to copy filtered resources.
2017-08-21 12:12:38,330 [Worker-19] INFO  o.e.m.c.i.embedder.EclipseLogger - Copying 0 resource
2017-08-21 12:12:38,331 [Worker-19] INFO  o.e.m.c.i.embedder.EclipseLogger - Using 'UTF-8' encoding to copy filtered resources.
2017-08-21 12:12:38,331 [Worker-19] INFO  o.e.m.c.i.embedder.EclipseLogger - skip non existing resourceDirectory /workspaces/coder/coder-web/src/test/resources
2017-08-21 12:12:38,331 [Worker-19] INFO  o.e.m.w.i.f.ResourceFilteringBuildParticipant - Changed resources require a complete clean of filtered resources of coder-web
2017-08-21 12:12:38,331 [Worker-19] INFO  o.e.m.w.i.f.ResourceFilteringBuildParticipant - Executing resource filtering for coder-web
2017-08-21 12:12:38,334 [Worker-19] INFO  o.e.m.c.i.embedder.EclipseLogger - Using 'UTF-8' encoding to copy filtered resources.
2017-08-21 12:12:39,531 [Worker-19] WARN  o.e.m.c.i.embedder.EclipseLogger - The POM for com.cz.coder:coder-common:jar:${coder.version} is missing, no dependency information available
2017-08-21 12:12:39,536 [Worker-19] WARN  o.e.m.c.i.embedder.EclipseLogger - The artifact servletapi:servlet-api:jar:2.4 has been relocated to javax.servlet:servlet-api:jar:2.4
2017-08-21 12:12:39,542 [Worker-19] INFO  o.e.m.c.i.embedder.EclipseLogger - Using 'UTF-8' encoding to copy filtered resources.
2017-08-21 12:12:39,542 [Worker-19] INFO  o.e.m.c.i.embedder.EclipseLogger - Copying 0 resource
2017-08-21 12:12:39,543 [Worker-19] INFO  o.e.m.c.i.embedder.EclipseLogger - Using 'UTF-8' encoding to copy filtered resources.
2017-08-21 12:12:39,543 [Worker-19] INFO  o.e.m.c.i.embedder.EclipseLogger - skip non existing resourceDirectory /workspaces/coder/coder-web/src/test/resources
2017-08-21 12:17:55,117 [Worker-24] INFO  o.e.m.c.i.l.LifecycleMappingFactory - Using org.maven.ide.eclipse.wtp.WarLifecycleMapping lifecycle mapping for MavenProject: com.cz.coder:coder-web:${coder.version} @ /workspaces/coder/coder-web/pom.xml.
2017-08-21 12:17:55,152 [Worker-24] WARN  o.e.m.c.i.embedder.EclipseLogger - The POM for com.cz.coder:coder-common:jar:${coder.version} is missing, no dependency information available
2017-08-21 12:17:55,159 [Worker-24] WARN  o.e.m.c.i.embedder.EclipseLogger - The artifact servletapi:servlet-api:jar:2.4 has been relocated to javax.servlet:servlet-api:jar:2.4
2017-08-21 12:17:55,201 [Worker-24] WARN  o.e.m.c.i.embedder.EclipseLogger - The POM for com.cz.coder:coder-common:jar:${coder.version} is missing, no dependency information available
2017-08-21 12:17:55,232 [Worker-24] WARN  o.e.m.c.i.embedder.EclipseLogger - The artifact servletapi:servlet-api:jar:2.4 has been relocated to javax.servlet:servlet-api:jar:2.4
2017-08-21 12:17:55,441 [Worker-24] WARN  o.e.m.c.i.embedder.EclipseLogger - The artifact servletapi:servlet-api:jar:2.4 has been relocated to javax.servlet:servlet-api:jar:2.4
2017-08-21 12:17:55,497 [Worker-24] INFO  o.e.m.c.i.embedder.EclipseLogger - Using 'UTF-8' encoding to copy filtered resources.
2017-08-21 12:17:55,497 [Worker-24] INFO  o.e.m.c.i.embedder.EclipseLogger - Copying 0 resource
2017-08-21 12:17:55,498 [Worker-24] INFO  o.e.m.c.i.embedder.EclipseLogger - Using 'UTF-8' encoding to copy filtered resources.
2017-08-21 12:17:55,498 [Worker-24] INFO  o.e.m.c.i.embedder.EclipseLogger - skip non existing resourceDirectory /workspaces/coder/coder-web/src/test/resources
2017-08-21 12:17:55,498 [Worker-24] INFO  o.e.m.w.i.f.ResourceFilteringBuildParticipant - Changed resources require a complete clean of filtered resources of coder-web
2017-08-21 12:17:55,499 [Worker-24] INFO  o.e.m.w.i.f.ResourceFilteringBuildParticipant - Executing resource filtering for coder-web
2017-08-21 12:17:55,501 [Worker-24] INFO  o.e.m.c.i.embedder.EclipseLogger - Using 'UTF-8' encoding to copy filtered resources.
2017-08-21 12:18:15,409 [Worker-26] WARN  o.e.m.c.i.embedder.EclipseLogger - The POM for commons.alipay:alipay-sdk-java:jar:1.0.0 is missing, no dependency information available
2017-08-21 12:18:15,410 [Worker-26] WARN  o.e.m.c.i.embedder.EclipseLogger - The POM for commons.alipay:commons-logging:jar:1.1.1 is missing, no dependency information available
2017-08-21 12:18:15,422 [Worker-26] WARN  o.e.m.c.i.embedder.EclipseLogger - The artifact servletapi:servlet-api:jar:2.4 has been relocated to javax.servlet:servlet-api:jar:2.4
2017-08-21 12:18:15,515 [Worker-26] INFO  o.e.m.c.i.l.LifecycleMappingFactory - Using org.maven.ide.eclipse.wtp.WarLifecycleMapping lifecycle mapping for MavenProject: com.cz.coder:coder-web:1.0.0-SNAPSHOT @ /workspaces/coder/coder-web/pom.xml.
2017-08-21 12:18:15,570 [Worker-26] WARN  o.e.m.c.i.embedder.EclipseLogger - The POM for commons.alipay:alipay-sdk-java:jar:1.0.0 is missing, no dependency information available
2017-08-21 12:18:15,571 [Worker-26] WARN  o.e.m.c.i.embedder.EclipseLogger - The POM for commons.alipay:commons-logging:jar:1.1.1 is missing, no dependency information available
2017-08-21 12:18:15,582 [Worker-26] WARN  o.e.m.c.i.embedder.EclipseLogger - The artifact servletapi:servlet-api:jar:2.4 has been relocated to javax.servlet:servlet-api:jar:2.4
2017-08-21 12:18:15,712 [Worker-26] WARN  o.e.m.c.i.embedder.EclipseLogger - The POM for commons.alipay:alipay-sdk-java:jar:1.0.0 is missing, no dependency information available
2017-08-21 12:18:15,713 [Worker-26] WARN  o.e.m.c.i.embedder.EclipseLogger - The POM for commons.alipay:commons-logging:jar:1.1.1 is missing, no dependency information available
2017-08-21 12:18:15,759 [Worker-26] WARN  o.e.m.c.i.embedder.EclipseLogger - The artifact servletapi:servlet-api:jar:2.4 has been relocated to javax.servlet:servlet-api:jar:2.4
2017-08-21 12:18:15,955 [Worker-26] WARN  o.e.m.c.i.embedder.EclipseLogger - The artifact servletapi:servlet-api:jar:2.4 has been relocated to javax.servlet:servlet-api:jar:2.4
2017-08-21 12:18:16,020 [Worker-26] INFO  o.e.m.c.i.embedder.EclipseLogger - Using 'UTF-8' encoding to copy filtered resources.
2017-08-21 12:18:16,020 [Worker-26] INFO  o.e.m.c.i.embedder.EclipseLogger - Copying 0 resource
2017-08-21 12:18:16,021 [Worker-26] INFO  o.e.m.c.i.embedder.EclipseLogger - Using 'UTF-8' encoding to copy filtered resources.
2017-08-21 12:18:16,021 [Worker-26] INFO  o.e.m.c.i.embedder.EclipseLogger - skip non existing resourceDirectory /workspaces/coder/coder-web/src/test/resources
2017-08-21 12:18:16,021 [Worker-26] INFO  o.e.m.w.i.f.ResourceFilteringBuildParticipant - Changed resources require a complete clean of filtered resources of coder-web
2017-08-21 12:18:16,022 [Worker-26] INFO  o.e.m.w.i.f.ResourceFilteringBuildParticipant - Executing resource filtering for coder-web
2017-08-21 12:18:16,026 [Worker-26] INFO  o.e.m.c.i.embedder.EclipseLogger - Using 'UTF-8' encoding to copy filtered resources.
2017-08-21 12:18:18,094 [Worker-19] INFO  o.e.m.c.i.embedder.EclipseLogger - Using 'UTF8' encoding to copy filtered resources.
2017-08-21 12:18:18,096 [Worker-19] INFO  o.e.m.c.i.embedder.EclipseLogger - Copying 2 resources
2017-08-21 12:18:18,097 [Worker-19] INFO  o.e.m.c.i.embedder.EclipseLogger - Using 'UTF8' encoding to copy filtered resources.
2017-08-21 12:18:18,097 [Worker-19] INFO  o.e.m.c.i.embedder.EclipseLogger - skip non existing resourceDirectory /workspaces/coder/coder-common/src/test/resources
2017-08-21 12:18:18,199 [Worker-19] WARN  o.e.m.c.i.embedder.EclipseLogger - The POM for commons.alipay:alipay-sdk-java:jar:1.0.0 is missing, no dependency information available
2017-08-21 12:18:18,200 [Worker-19] WARN  o.e.m.c.i.embedder.EclipseLogger - The POM for commons.alipay:commons-logging:jar:1.1.1 is missing, no dependency information available
2017-08-21 12:18:18,212 [Worker-19] WARN  o.e.m.c.i.embedder.EclipseLogger - The artifact servletapi:servlet-api:jar:2.4 has been relocated to javax.servlet:servlet-api:jar:2.4
2017-08-21 12:18:18,220 [Worker-19] INFO  o.e.m.c.i.embedder.EclipseLogger - Using 'UTF-8' encoding to copy filtered resources.
2017-08-21 12:18:18,222 [Worker-19] INFO  o.e.m.c.i.embedder.EclipseLogger - Copying 31 resources
2017-08-21 12:18:18,237 [Worker-19] INFO  o.e.m.c.i.embedder.EclipseLogger - Using 'UTF-8' encoding to copy filtered resources.
2017-08-21 12:18:18,237 [Worker-19] INFO  o.e.m.c.i.embedder.EclipseLogger - skip non existing resourceDirectory /workspaces/coder/coder-web/src/test/resources
2017-08-21 12:18:21,234 [Worker-27] INFO  o.e.m.c.i.l.LifecycleMappingFactory - Using org.maven.ide.eclipse.wtp.WarLifecycleMapping lifecycle mapping for MavenProject: com.cz.coder:coder-web:1.0.0-SNAPSHOT @ /workspaces/coder/coder-web/pom.xml.
2017-08-21 12:18:21,297 [Worker-27] WARN  o.e.m.c.i.embedder.EclipseLogger - The POM for commons.alipay:alipay-sdk-java:jar:1.0.0 is missing, no dependency information available
2017-08-21 12:18:21,298 [Worker-27] WARN  o.e.m.c.i.embedder.EclipseLogger - The POM for commons.alipay:commons-logging:jar:1.1.1 is missing, no dependency information available
2017-08-21 12:18:21,309 [Worker-27] WARN  o.e.m.c.i.embedder.EclipseLogger - The artifact servletapi:servlet-api:jar:2.4 has been relocated to javax.servlet:servlet-api:jar:2.4
2017-08-21 12:18:21,546 [Worker-27] WARN  o.e.m.c.i.embedder.EclipseLogger - The POM for commons.alipay:alipay-sdk-java:jar:1.0.0 is missing, no dependency information available
2017-08-21 12:18:21,547 [Worker-27] WARN  o.e.m.c.i.embedder.EclipseLogger - The POM for commons.alipay:commons-logging:jar:1.1.1 is missing, no dependency information available
2017-08-21 12:18:21,558 [Worker-27] WARN  o.e.m.c.i.embedder.EclipseLogger - The artifact servletapi:servlet-api:jar:2.4 has been relocated to javax.servlet:servlet-api:jar:2.4
2017-08-21 12:18:21,762 [Worker-27] WARN  o.e.m.c.i.embedder.EclipseLogger - The artifact servletapi:servlet-api:jar:2.4 has been relocated to javax.servlet:servlet-api:jar:2.4
2017-08-21 12:18:21,811 [Worker-27] INFO  o.e.m.c.i.embedder.EclipseLogger - Using 'UTF-8' encoding to copy filtered resources.
2017-08-21 12:18:21,811 [Worker-27] INFO  o.e.m.c.i.embedder.EclipseLogger - Copying 0 resource
2017-08-21 12:18:21,812 [Worker-27] INFO  o.e.m.c.i.embedder.EclipseLogger - Using 'UTF-8' encoding to copy filtered resources.
2017-08-21 12:18:21,812 [Worker-27] INFO  o.e.m.c.i.embedder.EclipseLogger - skip non existing resourceDirectory /workspaces/coder/coder-web/src/test/resources
2017-08-21 12:18:21,812 [Worker-27] INFO  o.e.m.w.i.f.ResourceFilteringBuildParticipant - Changed resources require a complete clean of filtered resources of coder-web
2017-08-21 12:18:21,813 [Worker-27] INFO  o.e.m.w.i.f.ResourceFilteringBuildParticipant - Executing resource filtering for coder-web
2017-08-21 12:18:21,815 [Worker-27] INFO  o.e.m.c.i.embedder.EclipseLogger - Using 'UTF-8' encoding to copy filtered resources.
2017-08-21 12:18:22,841 [Worker-22] INFO  o.e.m.c.i.embedder.EclipseLogger - Using 'UTF8' encoding to copy filtered resources.
2017-08-21 12:18:22,841 [Worker-22] INFO  o.e.m.c.i.embedder.EclipseLogger - Copying 0 resource
2017-08-21 12:18:22,843 [Worker-22] INFO  o.e.m.c.i.embedder.EclipseLogger - Using 'UTF8' encoding to copy filtered resources.
2017-08-21 12:18:22,843 [Worker-22] INFO  o.e.m.c.i.embedder.EclipseLogger - skip non existing resourceDirectory /workspaces/coder/coder-common/src/test/resources
2017-08-21 12:19:18,018 [Worker-27] WARN  o.e.m.c.i.embedder.EclipseLogger - The POM for commons.alipay:alipay-sdk-java:jar:1.0.0 is missing, no dependency information available
2017-08-21 12:19:18,019 [Worker-27] WARN  o.e.m.c.i.embedder.EclipseLogger - The POM for commons.alipay:commons-logging:jar:1.1.1 is missing, no dependency information available
2017-08-21 12:19:18,032 [Worker-27] WARN  o.e.m.c.i.embedder.EclipseLogger - The artifact servletapi:servlet-api:jar:2.4 has been relocated to javax.servlet:servlet-api:jar:2.4
2017-08-21 12:19:18,042 [Worker-27] INFO  o.e.m.c.i.embedder.EclipseLogger - Using 'UTF-8' encoding to copy filtered resources.
2017-08-21 12:19:18,044 [Worker-27] INFO  o.e.m.c.i.embedder.EclipseLogger - Copying 31 resources
2017-08-21 12:19:18,046 [Worker-27] INFO  o.e.m.c.i.embedder.EclipseLogger - Using 'UTF-8' encoding to copy filtered resources.
2017-08-21 12:19:18,046 [Worker-27] INFO  o.e.m.c.i.embedder.EclipseLogger - skip non existing resourceDirectory /workspaces/coder/coder-web/src/test/resources
2017-08-21 12:19:23,570 [Worker-27] INFO  o.e.m.c.i.embedder.EclipseLogger - Using 'UTF-8' encoding to copy filtered resources.
2017-08-21 12:19:23,572 [Worker-27] INFO  o.e.m.c.i.embedder.EclipseLogger - Copying 31 resources
2017-08-21 12:19:23,574 [Worker-27] INFO  o.e.m.c.i.embedder.EclipseLogger - Using 'UTF-8' encoding to copy filtered resources.
2017-08-21 12:19:23,574 [Worker-27] INFO  o.e.m.c.i.embedder.EclipseLogger - skip non existing resourceDirectory /workspaces/coder/coder-web/src/test/resources
2017-08-21 12:19:38,135 [Worker-24] INFO  o.e.m.c.i.embedder.EclipseLogger - Using 'UTF-8' encoding to copy filtered resources.
2017-08-21 12:19:38,138 [Worker-24] INFO  o.e.m.c.i.embedder.EclipseLogger - Copying 31 resources
2017-08-21 12:19:38,139 [Worker-24] INFO  o.e.m.c.i.embedder.EclipseLogger - Using 'UTF-8' encoding to copy filtered resources.
2017-08-21 12:19:38,139 [Worker-24] INFO  o.e.m.c.i.embedder.EclipseLogger - skip non existing resourceDirectory /workspaces/coder/coder-web/src/test/resources
2017-08-21 12:21:46,015 [Worker-26] INFO  o.e.m.c.i.embedder.EclipseLogger - Using 'UTF-8' encoding to copy filtered resources.
2017-08-21 12:21:46,017 [Worker-26] INFO  o.e.m.c.i.embedder.EclipseLogger - Copying 31 resources
2017-08-21 12:21:46,019 [Worker-26] INFO  o.e.m.c.i.embedder.EclipseLogger - Using 'UTF-8' encoding to copy filtered resources.
2017-08-21 12:21:46,019 [Worker-26] INFO  o.e.m.c.i.embedder.EclipseLogger - skip non existing resourceDirectory /workspaces/coder/coder-web/src/test/resources
2017-08-21 12:21:52,813 [Worker-22] INFO  o.e.m.c.i.embedder.EclipseLogger - Using 'UTF-8' encoding to copy filtered resources.
2017-08-21 12:21:52,814 [Worker-22] INFO  o.e.m.c.i.embedder.EclipseLogger - Copying 31 resources
2017-08-21 12:21:52,815 [Worker-22] INFO  o.e.m.c.i.embedder.EclipseLogger - Using 'UTF-8' encoding to copy filtered resources.
2017-08-21 12:21:52,815 [Worker-22] INFO  o.e.m.c.i.embedder.EclipseLogger - skip non existing resourceDirectory /workspaces/coder/coder-web/src/test/resources
2017-08-21 12:22:00,472 [Worker-25] INFO  o.e.m.c.i.embedder.EclipseLogger - Using 'UTF-8' encoding to copy filtered resources.
2017-08-21 12:22:00,473 [Worker-25] INFO  o.e.m.c.i.embedder.EclipseLogger - Copying 31 resources
2017-08-21 12:22:00,475 [Worker-25] INFO  o.e.m.c.i.embedder.EclipseLogger - Using 'UTF-8' encoding to copy filtered resources.
2017-08-21 12:22:00,475 [Worker-25] INFO  o.e.m.c.i.embedder.EclipseLogger - skip non existing resourceDirectory /workspaces/coder/coder-web/src/test/resources
2017-08-21 12:23:13,080 [Worker-29] INFO  o.e.m.c.i.l.LifecycleMappingFactory - Using org.eclipse.m2e.jdt.JarLifecycleMapping lifecycle mapping for MavenProject: com.jnwtv:jnwtv-message:1.0.0-SNAPSHOT @ /workspaces/coder/coder-message/pom.xml.
2017-08-21 12:23:13,086 [Worker-29] WARN  o.e.m.c.i.embedder.EclipseLogger - The POM for com.sun.mail:javax.mail:jar:1.5.6 is invalid, transitive dependencies (if any) will not be available, enable debug logging for more details
2017-08-21 12:23:13,136 [Worker-29] WARN  o.e.m.c.i.embedder.EclipseLogger - The POM for commons.alipay:alipay-sdk-java:jar:1.0.0 is missing, no dependency information available
2017-08-21 12:23:13,137 [Worker-29] WARN  o.e.m.c.i.embedder.EclipseLogger - The POM for commons.alipay:commons-logging:jar:1.1.1 is missing, no dependency information available
2017-08-21 12:23:13,194 [Worker-29] INFO  o.e.m.j.i.AbstractJavaProjectConfigurator - Adding source folder /coder-message/src/main/java
2017-08-21 12:23:13,194 [Worker-29] INFO  o.e.m.j.i.AbstractJavaProjectConfigurator - Adding source folder /coder-message/src/test/java
2017-08-21 12:23:13,253 [Worker-29] INFO  o.e.m.c.i.p.ProjectConfigurationManager - Imported and configured 1 project(s) in 0 sec
2017-08-21 12:23:14,067 [Worker-27] WARN  o.e.m.c.i.embedder.EclipseLogger - The POM for com.sun.mail:javax.mail:jar:1.5.6 is invalid, transitive dependencies (if any) will not be available, enable debug logging for more details
2017-08-21 12:23:14,122 [Worker-27] WARN  o.e.m.c.i.embedder.EclipseLogger - The POM for commons.alipay:alipay-sdk-java:jar:1.0.0 is missing, no dependency information available
2017-08-21 12:23:14,123 [Worker-27] WARN  o.e.m.c.i.embedder.EclipseLogger - The POM for commons.alipay:commons-logging:jar:1.1.1 is missing, no dependency information available
2017-08-21 12:23:14,135 [Worker-27] INFO  o.e.m.c.i.embedder.EclipseLogger - Using 'UTF-8' encoding to copy filtered resources.
2017-08-21 12:23:14,135 [Worker-27] INFO  o.e.m.c.i.embedder.EclipseLogger - skip non existing resourceDirectory /workspaces/coder/coder-message/src/main/resources
2017-08-21 12:23:14,136 [Worker-27] INFO  o.e.m.c.i.embedder.EclipseLogger - Using 'UTF-8' encoding to copy filtered resources.
2017-08-21 12:23:14,136 [Worker-27] INFO  o.e.m.c.i.embedder.EclipseLogger - skip non existing resourceDirectory /workspaces/coder/coder-message/src/test/resources
2017-08-21 12:23:44,818 [Worker-25] INFO  o.e.m.c.i.l.LifecycleMappingFactory - Using org.eclipse.m2e.jdt.JarLifecycleMapping lifecycle mapping for MavenProject: com.cz.coder:coder-message:1.0.0-SNAPSHOT @ /workspaces/coder/coder-message/pom.xml.
2017-08-21 12:23:44,819 [Worker-25] WARN  o.e.m.c.i.embedder.EclipseLogger - The POM for com.sun.mail:javax.mail:jar:1.5.6 is invalid, transitive dependencies (if any) will not be available, enable debug logging for more details
2017-08-21 12:23:47,905 [Worker-25] INFO  o.e.m.c.i.e.AbstractTransferListenerAdapter - Downloaded http://maven.aliyun.com/nexus/content/groups/public/com/coder/coder-common/1.0.0-SNAPSHOT/maven-metadata.xml
2017-08-21 12:23:47,972 [Worker-25] INFO  o.e.m.c.i.e.AbstractTransferListenerAdapter - Downloaded http://maven.aliyun.com/nexus/content/groups/public/com/coder/coder-common/1.0.0-SNAPSHOT/coder-common-1.0.0-SNAPSHOT.pom
2017-08-21 12:23:47,973 [Worker-25] WARN  o.e.m.c.i.embedder.EclipseLogger - The POM for com.coder:coder-common:jar:1.0.0-SNAPSHOT is missing, no dependency information available
2017-08-21 12:23:48,034 [Worker-25] INFO  o.e.m.c.i.e.AbstractTransferListenerAdapter - Downloaded http://maven.aliyun.com/nexus/content/groups/public/com/coder/coder-common/1.0.0-SNAPSHOT/coder-common-1.0.0-SNAPSHOT.jar
2017-08-21 12:23:48,060 [Worker-25] INFO  o.e.m.c.i.embedder.EclipseLogger - Using 'UTF-8' encoding to copy filtered resources.
2017-08-21 12:23:48,060 [Worker-25] INFO  o.e.m.c.i.embedder.EclipseLogger - skip non existing resourceDirectory /workspaces/coder/coder-message/src/main/resources
2017-08-21 12:23:48,061 [Worker-25] INFO  o.e.m.c.i.embedder.EclipseLogger - Using 'UTF-8' encoding to copy filtered resources.
2017-08-21 12:23:48,061 [Worker-25] INFO  o.e.m.c.i.embedder.EclipseLogger - skip non existing resourceDirectory /workspaces/coder/coder-message/src/test/resources
2017-08-21 12:23:59,434 [Worker-29] WARN  o.e.m.c.i.embedder.EclipseLogger - The POM for com.sun.mail:javax.mail:jar:1.5.6 is invalid, transitive dependencies (if any) will not be available, enable debug logging for more details
2017-08-21 12:23:59,476 [Worker-29] WARN  o.e.m.c.i.embedder.EclipseLogger - The POM for commons.alipay:alipay-sdk-java:jar:1.0.0 is missing, no dependency information available
2017-08-21 12:23:59,476 [Worker-29] WARN  o.e.m.c.i.embedder.EclipseLogger - The POM for commons.alipay:commons-logging:jar:1.1.1 is missing, no dependency information available
2017-08-21 12:23:59,555 [Worker-25] INFO  o.e.m.c.i.l.LifecycleMappingFactory - Using org.eclipse.m2e.jdt.JarLifecycleMapping lifecycle mapping for MavenProject: com.cz.coder:coder-message:1.0.0-SNAPSHOT @ /workspaces/coder/coder-message/pom.xml.
2017-08-21 12:23:59,556 [Worker-25] WARN  o.e.m.c.i.embedder.EclipseLogger - The POM for com.sun.mail:javax.mail:jar:1.5.6 is invalid, transitive dependencies (if any) will not be available, enable debug logging for more details
2017-08-21 12:23:59,612 [Worker-25] WARN  o.e.m.c.i.embedder.EclipseLogger - The POM for commons.alipay:alipay-sdk-java:jar:1.0.0 is missing, no dependency information available
2017-08-21 12:23:59,613 [Worker-25] WARN  o.e.m.c.i.embedder.EclipseLogger - The POM for commons.alipay:commons-logging:jar:1.1.1 is missing, no dependency information available
2017-08-21 12:23:59,672 [Worker-25] INFO  o.e.m.c.i.embedder.EclipseLogger - Using 'UTF-8' encoding to copy filtered resources.
2017-08-21 12:23:59,673 [Worker-25] INFO  o.e.m.c.i.embedder.EclipseLogger - skip non existing resourceDirectory /workspaces/coder/coder-message/src/main/resources
2017-08-21 12:23:59,674 [Worker-25] INFO  o.e.m.c.i.embedder.EclipseLogger - Using 'UTF-8' encoding to copy filtered resources.
2017-08-21 12:23:59,674 [Worker-25] INFO  o.e.m.c.i.embedder.EclipseLogger - skip non existing resourceDirectory /workspaces/coder/coder-message/src/test/resources
2017-08-21 12:24:00,804 [Worker-27] WARN  o.e.m.c.i.embedder.EclipseLogger - The POM for com.sun.mail:javax.mail:jar:1.5.6 is invalid, transitive dependencies (if any) will not be available, enable debug logging for more details
2017-08-21 12:24:00,830 [Worker-27] WARN  o.e.m.c.i.embedder.EclipseLogger - The POM for commons.alipay:alipay-sdk-java:jar:1.0.0 is missing, no dependency information available
2017-08-21 12:24:00,831 [Worker-27] WARN  o.e.m.c.i.embedder.EclipseLogger - The POM for commons.alipay:commons-logging:jar:1.1.1 is missing, no dependency information available
2017-08-21 12:24:00,842 [Worker-27] INFO  o.e.m.c.i.embedder.EclipseLogger - Using 'UTF-8' encoding to copy filtered resources.
2017-08-21 12:24:00,842 [Worker-27] INFO  o.e.m.c.i.embedder.EclipseLogger - skip non existing resourceDirectory /workspaces/coder/coder-message/src/main/resources
2017-08-21 12:24:00,842 [Worker-27] INFO  o.e.m.c.i.embedder.EclipseLogger - Using 'UTF-8' encoding to copy filtered resources.
2017-08-21 12:24:00,842 [Worker-27] INFO  o.e.m.c.i.embedder.EclipseLogger - skip non existing resourceDirectory /workspaces/coder/coder-message/src/test/resources
2017-08-21 12:25:33,733 [Worker-25] INFO  o.e.m.c.i.l.LifecycleMappingFactory - Using org.maven.ide.eclipse.wtp.WarLifecycleMapping lifecycle mapping for MavenProject: com.cz.coder:coder-web:1.0.0-SNAPSHOT @ /workspaces/coder/coder-web/pom.xml.
2017-08-21 12:25:33,797 [Worker-25] WARN  o.e.m.c.i.embedder.EclipseLogger - The POM for commons.alipay:alipay-sdk-java:jar:1.0.0 is missing, no dependency information available
2017-08-21 12:25:33,798 [Worker-25] WARN  o.e.m.c.i.embedder.EclipseLogger - The POM for commons.alipay:commons-logging:jar:1.1.1 is missing, no dependency information available
2017-08-21 12:25:33,804 [Worker-25] WARN  o.e.m.c.i.embedder.EclipseLogger - The POM for com.sun.mail:javax.mail:jar:1.5.6 is invalid, transitive dependencies (if any) will not be available, enable debug logging for more details
2017-08-21 12:25:33,811 [Worker-25] WARN  o.e.m.c.i.embedder.EclipseLogger - The artifact servletapi:servlet-api:jar:2.4 has been relocated to javax.servlet:servlet-api:jar:2.4
2017-08-21 12:25:33,906 [Worker-25] WARN  o.e.m.c.i.embedder.EclipseLogger - The POM for commons.alipay:alipay-sdk-java:jar:1.0.0 is missing, no dependency information available
2017-08-21 12:25:33,907 [Worker-25] WARN  o.e.m.c.i.embedder.EclipseLogger - The POM for commons.alipay:commons-logging:jar:1.1.1 is missing, no dependency information available
2017-08-21 12:25:33,913 [Worker-25] WARN  o.e.m.c.i.embedder.EclipseLogger - The POM for com.sun.mail:javax.mail:jar:1.5.6 is invalid, transitive dependencies (if any) will not be available, enable debug logging for more details
2017-08-21 12:25:33,921 [Worker-25] WARN  o.e.m.c.i.embedder.EclipseLogger - The artifact servletapi:servlet-api:jar:2.4 has been relocated to javax.servlet:servlet-api:jar:2.4
2017-08-21 12:25:34,170 [Worker-25] WARN  o.e.m.c.i.embedder.EclipseLogger - The artifact servletapi:servlet-api:jar:2.4 has been relocated to javax.servlet:servlet-api:jar:2.4
2017-08-21 12:25:34,226 [Worker-25] INFO  o.e.m.c.i.embedder.EclipseLogger - Using 'UTF-8' encoding to copy filtered resources.
2017-08-21 12:25:34,227 [Worker-25] INFO  o.e.m.c.i.embedder.EclipseLogger - Copying 0 resource
2017-08-21 12:25:34,227 [Worker-25] INFO  o.e.m.c.i.embedder.EclipseLogger - Using 'UTF-8' encoding to copy filtered resources.
2017-08-21 12:25:34,227 [Worker-25] INFO  o.e.m.c.i.embedder.EclipseLogger - skip non existing resourceDirectory /workspaces/coder/coder-web/src/test/resources
2017-08-21 12:25:34,228 [Worker-25] INFO  o.e.m.w.i.f.ResourceFilteringBuildParticipant - Changed resources require a complete clean of filtered resources of coder-web
2017-08-21 12:25:34,228 [Worker-25] INFO  o.e.m.w.i.f.ResourceFilteringBuildParticipant - Executing resource filtering for coder-web
2017-08-21 12:25:34,230 [Worker-25] INFO  o.e.m.c.i.embedder.EclipseLogger - Using 'UTF-8' encoding to copy filtered resources.
2017-08-21 12:25:36,155 [Worker-32] INFO  o.e.m.c.i.embedder.EclipseLogger - Using 'UTF8' encoding to copy filtered resources.
2017-08-21 12:25:36,156 [Worker-32] INFO  o.e.m.c.i.embedder.EclipseLogger - Copying 2 resources
2017-08-21 12:25:36,156 [Worker-32] INFO  o.e.m.c.i.embedder.EclipseLogger - Using 'UTF8' encoding to copy filtered resources.
2017-08-21 12:25:36,157 [Worker-32] INFO  o.e.m.c.i.embedder.EclipseLogger - skip non existing resourceDirectory /workspaces/coder/coder-common/src/test/resources
2017-08-21 12:25:36,256 [Worker-32] WARN  o.e.m.c.i.embedder.EclipseLogger - The POM for commons.alipay:alipay-sdk-java:jar:1.0.0 is missing, no dependency information available
2017-08-21 12:25:36,257 [Worker-32] WARN  o.e.m.c.i.embedder.EclipseLogger - The POM for commons.alipay:commons-logging:jar:1.1.1 is missing, no dependency information available
2017-08-21 12:25:36,264 [Worker-32] WARN  o.e.m.c.i.embedder.EclipseLogger - The POM for com.sun.mail:javax.mail:jar:1.5.6 is invalid, transitive dependencies (if any) will not be available, enable debug logging for more details
2017-08-21 12:25:36,270 [Worker-32] WARN  o.e.m.c.i.embedder.EclipseLogger - The artifact servletapi:servlet-api:jar:2.4 has been relocated to javax.servlet:servlet-api:jar:2.4
2017-08-21 12:25:36,277 [Worker-32] INFO  o.e.m.c.i.embedder.EclipseLogger - Using 'UTF-8' encoding to copy filtered resources.
2017-08-21 12:25:36,279 [Worker-32] INFO  o.e.m.c.i.embedder.EclipseLogger - Copying 31 resources
2017-08-21 12:25:36,293 [Worker-32] INFO  o.e.m.c.i.embedder.EclipseLogger - Using 'UTF-8' encoding to copy filtered resources.
2017-08-21 12:25:36,293 [Worker-32] INFO  o.e.m.c.i.embedder.EclipseLogger - skip non existing resourceDirectory /workspaces/coder/coder-web/src/test/resources
2017-08-21 12:26:50,129 [Worker-27] INFO  o.e.m.c.i.embedder.EclipseLogger - Using 'UTF-8' encoding to copy filtered resources.
2017-08-21 12:26:50,130 [Worker-27] INFO  o.e.m.c.i.embedder.EclipseLogger - Copying 31 resources
2017-08-21 12:26:50,131 [Worker-27] INFO  o.e.m.c.i.embedder.EclipseLogger - Using 'UTF-8' encoding to copy filtered resources.
2017-08-21 12:26:50,131 [Worker-27] INFO  o.e.m.c.i.embedder.EclipseLogger - skip non existing resourceDirectory /workspaces/coder/coder-web/src/test/resources
2017-08-21 12:26:59,232 [Worker-25] INFO  o.e.m.c.i.embedder.EclipseLogger - Using 'UTF-8' encoding to copy filtered resources.
2017-08-21 12:26:59,233 [Worker-25] INFO  o.e.m.c.i.embedder.EclipseLogger - Copying 31 resources
2017-08-21 12:26:59,235 [Worker-25] INFO  o.e.m.c.i.embedder.EclipseLogger - Using 'UTF-8' encoding to copy filtered resources.
2017-08-21 12:26:59,235 [Worker-25] INFO  o.e.m.c.i.embedder.EclipseLogger - skip non existing resourceDirectory /workspaces/coder/coder-web/src/test/resources
2017-08-21 12:27:15,956 [Worker-25] INFO  o.e.m.c.i.embedder.EclipseLogger - Using 'UTF-8' encoding to copy filtered resources.
2017-08-21 12:27:15,958 [Worker-25] INFO  o.e.m.c.i.embedder.EclipseLogger - Copying 31 resources
2017-08-21 12:27:15,959 [Worker-25] INFO  o.e.m.c.i.embedder.EclipseLogger - Using 'UTF-8' encoding to copy filtered resources.
2017-08-21 12:27:15,959 [Worker-25] INFO  o.e.m.c.i.embedder.EclipseLogger - skip non existing resourceDirectory /workspaces/coder/coder-web/src/test/resources
2017-08-21 12:27:22,234 [Worker-30] INFO  o.e.m.w.i.f.ResourceFilteringBuildParticipant - Cleaning filtered folder for coder-web
2017-08-21 12:27:22,637 [Worker-27] INFO  o.e.m.c.i.embedder.EclipseLogger - Using 'UTF8' encoding to copy filtered resources.
2017-08-21 12:27:22,638 [Worker-27] INFO  o.e.m.c.i.embedder.EclipseLogger - Copying 2 resources
2017-08-21 12:27:22,639 [Worker-27] INFO  o.e.m.c.i.embedder.EclipseLogger - Using 'UTF8' encoding to copy filtered resources.
2017-08-21 12:27:22,640 [Worker-27] INFO  o.e.m.c.i.embedder.EclipseLogger - skip non existing resourceDirectory /workspaces/coder/coder-common/src/test/resources
2017-08-21 12:27:22,676 [Worker-27] INFO  o.e.m.c.i.embedder.EclipseLogger - Using 'UTF-8' encoding to copy filtered resources.
2017-08-21 12:27:22,676 [Worker-27] INFO  o.e.m.c.i.embedder.EclipseLogger - skip non existing resourceDirectory /workspaces/coder/coder-message/src/main/resources
2017-08-21 12:27:22,677 [Worker-27] INFO  o.e.m.c.i.embedder.EclipseLogger - Using 'UTF-8' encoding to copy filtered resources.
2017-08-21 12:27:22,677 [Worker-27] INFO  o.e.m.c.i.embedder.EclipseLogger - skip non existing resourceDirectory /workspaces/coder/coder-message/src/test/resources
2017-08-21 12:27:23,106 [Worker-27] INFO  o.e.m.c.i.embedder.EclipseLogger - Using 'UTF-8' encoding to copy filtered resources.
2017-08-21 12:27:23,106 [Worker-27] INFO  o.e.m.c.i.embedder.EclipseLogger - Copying 31 resources
2017-08-21 12:27:23,119 [Worker-27] INFO  o.e.m.c.i.embedder.EclipseLogger - Using 'UTF-8' encoding to copy filtered resources.
2017-08-21 12:27:23,119 [Worker-27] INFO  o.e.m.c.i.embedder.EclipseLogger - skip non existing resourceDirectory /workspaces/coder/coder-web/src/test/resources
2017-08-21 12:27:23,120 [Worker-27] INFO  o.e.m.w.i.f.ResourceFilteringBuildParticipant - Changed resources require a complete clean of filtered resources of coder-web
2017-08-21 12:27:23,120 [Worker-27] INFO  o.e.m.w.i.f.ResourceFilteringBuildParticipant - Executing resource filtering for coder-web
2017-08-21 12:27:23,123 [Worker-27] INFO  o.e.m.c.i.embedder.EclipseLogger - Using 'UTF-8' encoding to copy filtered resources.
2017-08-21 12:34:57,303 [Worker-44] INFO  o.e.m.c.i.embedder.EclipseLogger - Using 'UTF-8' encoding to copy filtered resources.
2017-08-21 12:34:57,304 [Worker-44] INFO  o.e.m.c.i.embedder.EclipseLogger - Copying 1 resource
2017-08-21 12:34:57,306 [Worker-44] INFO  o.e.m.c.i.embedder.EclipseLogger - Using 'UTF-8' encoding to copy filtered resources.
2017-08-21 12:34:57,306 [Worker-44] INFO  o.e.m.c.i.embedder.EclipseLogger - skip non existing resourceDirectory /workspaces/coder/coder-web/src/test/resources
2017-08-21 12:35:51,936 [Worker-47] INFO  o.e.m.c.i.embedder.EclipseLogger - Using 'UTF-8' encoding to copy filtered resources.
2017-08-21 12:35:51,936 [Worker-47] INFO  o.e.m.c.i.embedder.EclipseLogger - Copying 0 resource
2017-08-21 12:35:51,936 [Worker-47] INFO  o.e.m.c.i.embedder.EclipseLogger - Using 'UTF-8' encoding to copy filtered resources.
2017-08-21 12:35:51,936 [Worker-47] INFO  o.e.m.c.i.embedder.EclipseLogger - skip non existing resourceDirectory /workspaces/coder/coder-web/src/test/resources
2017-08-21 12:36:02,507 [Worker-36] INFO  o.e.m.c.i.embedder.EclipseLogger - Using 'UTF-8' encoding to copy filtered resources.
2017-08-21 12:36:02,507 [Worker-36] INFO  o.e.m.c.i.embedder.EclipseLogger - Copying 0 resource
2017-08-21 12:36:02,507 [Worker-36] INFO  o.e.m.c.i.embedder.EclipseLogger - Using 'UTF-8' encoding to copy filtered resources.
2017-08-21 12:36:02,507 [Worker-36] INFO  o.e.m.c.i.embedder.EclipseLogger - skip non existing resourceDirectory /workspaces/coder/coder-web/src/test/resources
2017-08-21 12:37:04,140 [Worker-46] INFO  o.e.m.c.i.embedder.EclipseLogger - Using 'UTF-8' encoding to copy filtered resources.
2017-08-21 12:37:04,140 [Worker-46] INFO  o.e.m.c.i.embedder.EclipseLogger - Copying 0 resource
2017-08-21 12:37:04,140 [Worker-46] INFO  o.e.m.c.i.embedder.EclipseLogger - Using 'UTF-8' encoding to copy filtered resources.
2017-08-21 12:37:04,140 [Worker-46] INFO  o.e.m.c.i.embedder.EclipseLogger - skip non existing resourceDirectory /workspaces/coder/coder-web/src/test/resources
2017-08-21 12:37:32,557 [Worker-45] INFO  o.e.m.c.i.embedder.EclipseLogger - Using 'UTF-8' encoding to copy filtered resources.
2017-08-21 12:37:32,558 [Worker-45] INFO  o.e.m.c.i.embedder.EclipseLogger - Copying 31 resources
2017-08-21 12:37:32,559 [Worker-45] INFO  o.e.m.c.i.embedder.EclipseLogger - Using 'UTF-8' encoding to copy filtered resources.
2017-08-21 12:37:32,559 [Worker-45] INFO  o.e.m.c.i.embedder.EclipseLogger - skip non existing resourceDirectory /workspaces/coder/coder-web/src/test/resources
2017-08-21 12:37:59,439 [Worker-36] INFO  o.e.m.c.i.embedder.EclipseLogger - Using 'UTF-8' encoding to copy filtered resources.
2017-08-21 12:37:59,440 [Worker-36] INFO  o.e.m.c.i.embedder.EclipseLogger - Copying 31 resources
2017-08-21 12:37:59,441 [Worker-36] INFO  o.e.m.c.i.embedder.EclipseLogger - Using 'UTF-8' encoding to copy filtered resources.
2017-08-21 12:37:59,441 [Worker-36] INFO  o.e.m.c.i.embedder.EclipseLogger - skip non existing resourceDirectory /workspaces/coder/coder-web/src/test/resources
2017-08-21 12:39:52,536 [Worker-36] INFO  o.e.m.c.i.embedder.EclipseLogger - Using 'UTF-8' encoding to copy filtered resources.
2017-08-21 12:39:52,536 [Worker-36] INFO  o.e.m.c.i.embedder.EclipseLogger - Copying 31 resources
2017-08-21 12:39:52,537 [Worker-36] INFO  o.e.m.c.i.embedder.EclipseLogger - Using 'UTF-8' encoding to copy filtered resources.
2017-08-21 12:39:52,538 [Worker-36] INFO  o.e.m.c.i.embedder.EclipseLogger - skip non existing resourceDirectory /workspaces/coder/coder-web/src/test/resources
2017-08-21 12:40:31,348 [Worker-40] INFO  o.e.m.c.i.embedder.EclipseLogger - Using 'UTF-8' encoding to copy filtered resources.
2017-08-21 12:40:31,350 [Worker-40] INFO  o.e.m.c.i.embedder.EclipseLogger - Copying 31 resources
2017-08-21 12:40:31,351 [Worker-40] INFO  o.e.m.c.i.embedder.EclipseLogger - Using 'UTF-8' encoding to copy filtered resources.
2017-08-21 12:40:31,351 [Worker-40] INFO  o.e.m.c.i.embedder.EclipseLogger - skip non existing resourceDirectory /workspaces/coder/coder-web/src/test/resources
2017-08-21 12:40:39,774 [Worker-44] INFO  o.e.m.c.i.embedder.EclipseLogger - Using 'UTF-8' encoding to copy filtered resources.
2017-08-21 12:40:39,776 [Worker-44] INFO  o.e.m.c.i.embedder.EclipseLogger - Copying 31 resources
2017-08-21 12:40:39,777 [Worker-44] INFO  o.e.m.c.i.embedder.EclipseLogger - Using 'UTF-8' encoding to copy filtered resources.
2017-08-21 12:40:39,777 [Worker-44] INFO  o.e.m.c.i.embedder.EclipseLogger - skip non existing resourceDirectory /workspaces/coder/coder-web/src/test/resources
2017-08-21 12:40:46,614 [Worker-42] INFO  o.e.m.c.i.embedder.EclipseLogger - Using 'UTF-8' encoding to copy filtered resources.
2017-08-21 12:40:46,615 [Worker-42] INFO  o.e.m.c.i.embedder.EclipseLogger - Copying 31 resources
2017-08-21 12:40:46,616 [Worker-42] INFO  o.e.m.c.i.embedder.EclipseLogger - Using 'UTF-8' encoding to copy filtered resources.
2017-08-21 12:40:46,616 [Worker-42] INFO  o.e.m.c.i.embedder.EclipseLogger - skip non existing resourceDirectory /workspaces/coder/coder-web/src/test/resources
2017-08-21 12:40:59,432 [Worker-42] INFO  o.e.m.c.i.embedder.EclipseLogger - Using 'UTF-8' encoding to copy filtered resources.
2017-08-21 12:40:59,433 [Worker-42] INFO  o.e.m.c.i.embedder.EclipseLogger - Copying 31 resources
2017-08-21 12:40:59,434 [Worker-42] INFO  o.e.m.c.i.embedder.EclipseLogger - Using 'UTF-8' encoding to copy filtered resources.
2017-08-21 12:40:59,434 [Worker-42] INFO  o.e.m.c.i.embedder.EclipseLogger - skip non existing resourceDirectory /workspaces/coder/coder-web/src/test/resources
2017-08-21 12:41:24,939 [Worker-40] INFO  o.e.m.c.i.embedder.EclipseLogger - Using 'UTF-8' encoding to copy filtered resources.
2017-08-21 12:41:24,940 [Worker-40] INFO  o.e.m.c.i.embedder.EclipseLogger - Copying 31 resources
2017-08-21 12:41:24,942 [Worker-40] INFO  o.e.m.c.i.embedder.EclipseLogger - Using 'UTF-8' encoding to copy filtered resources.
2017-08-21 12:41:24,942 [Worker-40] INFO  o.e.m.c.i.embedder.EclipseLogger - skip non existing resourceDirectory /workspaces/coder/coder-web/src/test/resources
2017-08-21 12:41:33,038 [Worker-36] INFO  o.e.m.c.i.embedder.EclipseLogger - Using 'UTF-8' encoding to copy filtered resources.
2017-08-21 12:41:33,039 [Worker-36] INFO  o.e.m.c.i.embedder.EclipseLogger - Copying 31 resources
2017-08-21 12:41:33,040 [Worker-36] INFO  o.e.m.c.i.embedder.EclipseLogger - Using 'UTF-8' encoding to copy filtered resources.
2017-08-21 12:41:33,040 [Worker-36] INFO  o.e.m.c.i.embedder.EclipseLogger - skip non existing resourceDirectory /workspaces/coder/coder-web/src/test/resources
2017-08-21 12:41:46,607 [Worker-45] INFO  o.e.m.c.i.embedder.EclipseLogger - Using 'UTF-8' encoding to copy filtered resources.
2017-08-21 12:41:46,608 [Worker-45] INFO  o.e.m.c.i.embedder.EclipseLogger - Copying 31 resources
2017-08-21 12:41:46,609 [Worker-45] INFO  o.e.m.c.i.embedder.EclipseLogger - Using 'UTF-8' encoding to copy filtered resources.
2017-08-21 12:41:46,609 [Worker-45] INFO  o.e.m.c.i.embedder.EclipseLogger - skip non existing resourceDirectory /workspaces/coder/coder-web/src/test/resources
2017-08-21 12:41:54,388 [Worker-36] INFO  o.e.m.c.i.embedder.EclipseLogger - Using 'UTF-8' encoding to copy filtered resources.
2017-08-21 12:41:54,389 [Worker-36] INFO  o.e.m.c.i.embedder.EclipseLogger - Copying 31 resources
2017-08-21 12:41:54,391 [Worker-36] INFO  o.e.m.c.i.embedder.EclipseLogger - Using 'UTF-8' encoding to copy filtered resources.
2017-08-21 12:41:54,391 [Worker-36] INFO  o.e.m.c.i.embedder.EclipseLogger - skip non existing resourceDirectory /workspaces/coder/coder-web/src/test/resources
2017-08-21 12:42:16,239 [Worker-43] INFO  o.e.m.c.i.embedder.EclipseLogger - Using 'UTF-8' encoding to copy filtered resources.
2017-08-21 12:42:16,240 [Worker-43] INFO  o.e.m.c.i.embedder.EclipseLogger - Copying 31 resources
2017-08-21 12:42:16,241 [Worker-43] INFO  o.e.m.c.i.embedder.EclipseLogger - Using 'UTF-8' encoding to copy filtered resources.
2017-08-21 12:42:16,241 [Worker-43] INFO  o.e.m.c.i.embedder.EclipseLogger - skip non existing resourceDirectory /workspaces/coder/coder-web/src/test/resources
